#
# There is insufficient memory for the Java Runtime Environment to continue.
# Native memory allocation (mmap) failed to map 65536 bytes for Failed to commit metaspace.
# Possible reasons:
#   The system is out of physical RAM or swap space
#   The process is running with CompressedOops enabled, and the Java Heap may be blocking the growth of the native heap
# Possible solutions:
#   Reduce memory load on the system
#   Increase physical memory or swap space
#   Check if swap backing store is full
#   Decrease Java heap size (-Xmx/-Xms)
#   Decrease number of Java threads
#   Decrease Java thread stack sizes (-Xss)
#   Set larger code cache with -XX:ReservedCodeCacheSize=
#   JVM is running with Unscaled Compressed Oops mode in which the Java heap is
#     placed in the first 4GB address space. The Java Heap base address is the
#     maximum limit for the native heap growth. Please use -XX:HeapBaseMinAddress
#     to set the Java Heap base and to place the Java Heap above 4GB virtual address.
# This output file may be truncated or incomplete.
#
#  Out of Memory Error (virtualSpaceNode.cpp:110), pid=16284, tid=1384
#
# JRE version: Java(TM) SE Runtime Environment (17.0.9+11) (build 17.0.9+11-LTS-201)
# Java VM: Java HotSpot(TM) 64-Bit Server VM (17.0.9+11-LTS-201, mixed mode, sharing, tiered, compressed oops, compressed class ptrs, g1 gc, windows-amd64)
# No core dump will be written. Minidumps are not enabled by default on client versions of Windows
#

---------------  S U M M A R Y ------------

Command Line: -XX:MaxMetaspaceSize=512m --add-opens=java.base/java.util=ALL-UNNAMED --add-opens=java.base/java.lang=ALL-UNNAMED --add-opens=java.base/java.lang.invoke=ALL-UNNAMED --add-opens=java.prefs/java.util.prefs=ALL-UNNAMED --add-opens=java.base/java.nio.charset=ALL-UNNAMED --add-opens=java.base/java.net=ALL-UNNAMED --add-opens=java.base/java.util.concurrent.atomic=ALL-UNNAMED -Xmx2048m -Dfile.encoding=windows-1252 -Duser.country=CO -Duser.language=es -Duser.variant -javaagent:C:\Users\Odalis Valencia\.gradle\wrapper\dists\gradle-8.3-all\6en3ugtfdg5xnpx44z4qbwgas\gradle-8.3\lib\agents\gradle-instrumentation-agent-8.3.jar org.gradle.launcher.daemon.bootstrap.GradleDaemon 8.3

Host: AMD Ryzen 7 3700U with Radeon Vega Mobile Gfx  , 8 cores, 5G,  Windows 11 , 64 bit Build 22621 (10.0.22621.2506)
Time: Fri Jan 12 15:39:14 2024 Hora est. Pacífico, Sudamérica elapsed time: 248.398432 seconds (0d 0h 4m 8s)

---------------  T H R E A D  ---------------

Current thread (0x000002099b0ce860):  JavaThread "C1 CompilerThread0" daemon [_thread_in_vm, id=1384, stack(0x0000008cc3300000,0x0000008cc3400000)]


Current CompileTask:
C1: 248412 4394       3       java.util.Formatter$FormatSpecifier::print (230 bytes)

Stack: [0x0000008cc3300000,0x0000008cc3400000]
Native frames: (J=compiled Java code, j=interpreted, Vv=VM code, C=native code)
V  [jvm.dll+0x678a4a]
V  [jvm.dll+0x7d9cfd]
V  [jvm.dll+0x7db60e]
V  [jvm.dll+0x7dbc73]
V  [jvm.dll+0x245e1f]
V  [jvm.dll+0x7d5a0b]
V  [jvm.dll+0x61ebc6]
V  [jvm.dll+0x61ec2a]
V  [jvm.dll+0x62145d]
V  [jvm.dll+0x61f586]
V  [jvm.dll+0x63060a]
V  [jvm.dll+0x6295aa]
V  [jvm.dll+0x1cc0c0]
V  [jvm.dll+0x1cc2b0]
V  [jvm.dll+0x13462e]
V  [jvm.dll+0x134958]
V  [jvm.dll+0x133df1]
V  [jvm.dll+0x135a8d]
V  [jvm.dll+0x2272de]
V  [jvm.dll+0x22548b]
V  [jvm.dll+0x78f58c]
V  [jvm.dll+0x78998a]
V  [jvm.dll+0x677875]
C  [ucrtbase.dll+0x29363]
C  [KERNEL32.DLL+0x1257d]
C  [ntdll.dll+0x5aa58]


---------------  P R O C E S S  ---------------

Threads class SMR info:
_java_thread_list=0x00000209bc5a83e0, length=37, elements={
0x00000209fce92470, 0x000002099b0afa20, 0x000002099b0b08a0, 0x000002099b0c4ea0,
0x000002099b0c9c80, 0x000002099b0ca640, 0x000002099b0cb000, 0x000002099b0cbda0,
0x000002099b0ce860, 0x000002099b13bc70, 0x000002099b311150, 0x000002099b421eb0,
0x00000209bb05f720, 0x000002099bdf5990, 0x00000209bb30bc80, 0x000002099b502a40,
0x00000209bbb9e4b0, 0x000002099b6c8340, 0x000002099b6c8850, 0x000002099b6c7920,
0x000002099b6c9270, 0x000002099b6c8d60, 0x000002099b6c9780, 0x000002099b6c7e30,
0x000002099b6c7410, 0x000002099b6ca6b0, 0x000002099b6c6f00, 0x00000209bba5f330,
0x00000209bba63a10, 0x00000209bba63500, 0x00000209bba61190, 0x00000209bba63f20,
0x00000209bba64430, 0x00000209bba61bb0, 0x00000209bba5ee20, 0x00000209bba64940,
0x00000209bba5e910
}

Java Threads: ( => current thread )
  0x00000209fce92470 JavaThread "main" [_thread_blocked, id=5184, stack(0x0000008cc2500000,0x0000008cc2600000)]
  0x000002099b0afa20 JavaThread "Reference Handler" daemon [_thread_blocked, id=16664, stack(0x0000008cc2c00000,0x0000008cc2d00000)]
  0x000002099b0b08a0 JavaThread "Finalizer" daemon [_thread_blocked, id=3552, stack(0x0000008cc2d00000,0x0000008cc2e00000)]
  0x000002099b0c4ea0 JavaThread "Signal Dispatcher" daemon [_thread_blocked, id=17016, stack(0x0000008cc2e00000,0x0000008cc2f00000)]
  0x000002099b0c9c80 JavaThread "Attach Listener" daemon [_thread_blocked, id=17044, stack(0x0000008cc2f00000,0x0000008cc3000000)]
  0x000002099b0ca640 JavaThread "Service Thread" daemon [_thread_blocked, id=17036, stack(0x0000008cc3000000,0x0000008cc3100000)]
  0x000002099b0cb000 JavaThread "Monitor Deflation Thread" daemon [_thread_blocked, id=19340, stack(0x0000008cc3100000,0x0000008cc3200000)]
  0x000002099b0cbda0 JavaThread "C2 CompilerThread0" daemon [_thread_blocked, id=17084, stack(0x0000008cc3200000,0x0000008cc3300000)]
=>0x000002099b0ce860 JavaThread "C1 CompilerThread0" daemon [_thread_in_vm, id=1384, stack(0x0000008cc3300000,0x0000008cc3400000)]
  0x000002099b13bc70 JavaThread "Sweeper thread" daemon [_thread_blocked, id=19092, stack(0x0000008cc3400000,0x0000008cc3500000)]
  0x000002099b311150 JavaThread "Common-Cleaner" daemon [_thread_blocked, id=18256, stack(0x0000008cc3500000,0x0000008cc3600000)]
  0x000002099b421eb0 JavaThread "Notification Thread" daemon [_thread_blocked, id=15556, stack(0x0000008cc3600000,0x0000008cc3700000)]
  0x00000209bb05f720 JavaThread "Daemon health stats" [_thread_blocked, id=20456, stack(0x0000008cc3c00000,0x0000008cc3d00000)]
  0x000002099bdf5990 JavaThread "Incoming local TCP Connector on port 62397" [_thread_in_native, id=15328, stack(0x0000008cc3d00000,0x0000008cc3e00000)]
  0x00000209bb30bc80 JavaThread "Daemon periodic checks" [_thread_blocked, id=19752, stack(0x0000008cc3e00000,0x0000008cc3f00000)]
  0x000002099b502a40 JavaThread "Daemon" [_thread_blocked, id=19820, stack(0x0000008cc4300000,0x0000008cc4400000)]
  0x00000209bbb9e4b0 JavaThread "Handler for socket connection from /127.0.0.1:62397 to /127.0.0.1:62414" [_thread_in_native, id=19816, stack(0x0000008cc4400000,0x0000008cc4500000)]
  0x000002099b6c8340 JavaThread "Cancel handler" [_thread_blocked, id=19928, stack(0x0000008cc4500000,0x0000008cc4600000)]
  0x000002099b6c8850 JavaThread "Daemon worker" [_thread_in_Java, id=7892, stack(0x0000008cc4600000,0x0000008cc4700000)]
  0x000002099b6c7920 JavaThread "Asynchronous log dispatcher for DefaultDaemonConnection: socket connection from /127.0.0.1:62397 to /127.0.0.1:62414" [_thread_blocked, id=18516, stack(0x0000008cc4700000,0x0000008cc4800000)]
  0x000002099b6c9270 JavaThread "Stdin handler" [_thread_blocked, id=18596, stack(0x0000008cc4800000,0x0000008cc4900000)]
  0x000002099b6c8d60 JavaThread "Daemon client event forwarder" [_thread_blocked, id=18604, stack(0x0000008cc4900000,0x0000008cc4a00000)]
  0x000002099b6c9780 JavaThread "Cache worker for journal cache (C:\Users\Odalis Valencia\.gradle\caches\journal-1)" [_thread_blocked, id=16432, stack(0x0000008cc4c00000,0x0000008cc4d00000)]
  0x000002099b6c7e30 JavaThread "File lock request listener" [_thread_in_native, id=14812, stack(0x0000008cc4d00000,0x0000008cc4e00000)]
  0x000002099b6c7410 JavaThread "Cache worker for file hash cache (C:\Users\Odalis Valencia\.gradle\caches\8.3\fileHashes)" [_thread_blocked, id=8936, stack(0x0000008cc4f00000,0x0000008cc5000000)]
  0x000002099b6ca6b0 JavaThread "File watcher server" daemon [_thread_in_native, id=2260, stack(0x0000008cc5000000,0x0000008cc5100000)]
  0x000002099b6c6f00 JavaThread "File watcher consumer" daemon [_thread_blocked, id=7844, stack(0x0000008cc5100000,0x0000008cc5200000)]
  0x00000209bba5f330 JavaThread "Cache worker for checksums cache (C:\Users\Odalis Valencia\Documents\proyectos\app\app_client\android\.gradle\8.3\checksums)" [_thread_blocked, id=19344, stack(0x0000008cc5200000,0x0000008cc5300000)]
  0x00000209bba63a10 JavaThread "Cache worker for file hash cache (C:\Users\Odalis Valencia\Documents\proyectos\app\app_client\android\.gradle\8.3\fileHashes)" [_thread_blocked, id=9472, stack(0x0000008cc5300000,0x0000008cc5400000)]
  0x00000209bba63500 JavaThread "Cache worker for cache directory md-supplier (C:\Users\Odalis Valencia\.gradle\caches\8.3\md-supplier)" [_thread_blocked, id=17856, stack(0x0000008cc2300000,0x0000008cc2400000)]
  0x00000209bba61190 JavaThread "Cache worker for file content cache (C:\Users\Odalis Valencia\.gradle\caches\8.3\fileContent)" [_thread_blocked, id=5048, stack(0x0000008cc2400000,0x0000008cc2500000)]
  0x00000209bba63f20 JavaThread "Cache worker for cache directory md-rule (C:\Users\Odalis Valencia\.gradle\caches\8.3\md-rule)" [_thread_blocked, id=16812, stack(0x0000008cc5400000,0x0000008cc5500000)]
  0x00000209bba64430 JavaThread "Cache worker for execution history cache (C:\Users\Odalis Valencia\.gradle\caches\8.3\executionHistory)" [_thread_blocked, id=19704, stack(0x0000008cc5500000,0x0000008cc5600000)]
  0x00000209bba61bb0 JavaThread "jar transforms" [_thread_blocked, id=14088, stack(0x0000008cc5800000,0x0000008cc5900000)]
  0x00000209bba5ee20 JavaThread "jar transforms Thread 2" [_thread_blocked, id=19368, stack(0x0000008cc5900000,0x0000008cc5a00000)]
  0x00000209bba64940 JavaThread "jar transforms Thread 3" [_thread_blocked, id=18108, stack(0x0000008cc5a00000,0x0000008cc5b00000)]
  0x00000209bba5e910 JavaThread "jar transforms Thread 4" [_thread_blocked, id=19908, stack(0x0000008cc5b00000,0x0000008cc5c00000)]

Other Threads:
  0x000002099b0abee0 VMThread "VM Thread" [stack: 0x0000008cc2b00000,0x0000008cc2c00000] [id=16572]
  0x00000209fce932f0 WatcherThread [stack: 0x0000008cc3700000,0x0000008cc3800000] [id=5020]
  0x00000209fceed1d0 GCTaskThread "GC Thread#0" [stack: 0x0000008cc2600000,0x0000008cc2700000] [id=19204]
  0x000002099baa7140 GCTaskThread "GC Thread#1" [stack: 0x0000008cc3800000,0x0000008cc3900000] [id=19984]
  0x000002099bb66e90 GCTaskThread "GC Thread#2" [stack: 0x0000008cc3900000,0x0000008cc3a00000] [id=19988]
  0x000002099bb67150 GCTaskThread "GC Thread#3" [stack: 0x0000008cc3a00000,0x0000008cc3b00000] [id=19992]
  0x000002099be76660 GCTaskThread "GC Thread#4" [stack: 0x0000008cc3b00000,0x0000008cc3c00000] [id=20320]
  0x000002099bbf8700 GCTaskThread "GC Thread#5" [stack: 0x0000008cc3f00000,0x0000008cc4000000] [id=19756]
  0x00000209bca728b0 GCTaskThread "GC Thread#6" [stack: 0x0000008cc4000000,0x0000008cc4100000] [id=19748]
  0x00000209bca72b70 GCTaskThread "GC Thread#7" [stack: 0x0000008cc4100000,0x0000008cc4200000] [id=17828]
  0x00000209fcefe120 ConcurrentGCThread "G1 Main Marker" [stack: 0x0000008cc2700000,0x0000008cc2800000] [id=19188]
  0x00000209fcefeb30 ConcurrentGCThread "G1 Conc#0" [stack: 0x0000008cc2800000,0x0000008cc2900000] [id=19236]
  0x00000209bc4bfd70 ConcurrentGCThread "G1 Conc#1" [stack: 0x0000008cc4200000,0x0000008cc4300000] [id=13472]
  0x00000209fcf4db30 ConcurrentGCThread "G1 Refine#0" [stack: 0x0000008cc2900000,0x0000008cc2a00000] [id=19200]
  0x00000209bd5dfbf0 ConcurrentGCThread "G1 Refine#1" [stack: 0x0000008cc5600000,0x0000008cc5700000] [id=16836]
  0x00000209bc6b7830 ConcurrentGCThread "G1 Refine#2" [stack: 0x0000008cc5700000,0x0000008cc5800000] [id=15284]
  0x00000209fcf4e560 ConcurrentGCThread "G1 Service" [stack: 0x0000008cc2a00000,0x0000008cc2b00000] [id=19184]

Threads with active compile tasks:
C1 CompilerThread0   249754 4394       3       java.util.Formatter$FormatSpecifier::print (230 bytes)

VM state: not at safepoint (normal execution)

VM Mutex/Monitor currently owned by a thread:  ([mutex/lock_event])
[0x00000209fce8d130] Metaspace_lock - owner thread: 0x000002099b0ce860
[0x00000209fce8dd00] MethodData_lock - owner thread: 0x000002099b0ce860

Heap address: 0x0000000080000000, size: 2048 MB, Compressed Oops mode: 32-bit

CDS archive(s) mapped at: [0x000002099c000000-0x000002099cbd0000-0x000002099cbd0000), size 12386304, SharedBaseAddress: 0x000002099c000000, ArchiveRelocationMode: 1.
Compressed class space mapped at: 0x000002099d000000-0x00000209b7000000, reserved size: 436207616
Narrow klass base: 0x000002099c000000, Narrow klass shift: 0, Narrow klass range: 0x100000000

GC Precious Log:
 CPUs: 8 total, 8 available
 Memory: 6082M
 Large Page Support: Disabled
 NUMA Support: Disabled
 Compressed Oops: Enabled (32-bit)
 Heap Region Size: 1M
 Heap Min Capacity: 8M
 Heap Initial Capacity: 96M
 Heap Max Capacity: 2G
 Pre-touch: Disabled
 Parallel Workers: 8
 Concurrent Workers: 2
 Concurrent Refinement Workers: 8
 Periodic GC: Disabled

Heap:
 garbage-first heap   total 89088K, used 35566K [0x0000000080000000, 0x0000000100000000)
  region size 1024K, 8 young (8192K), 3 survivors (3072K)
 Metaspace       used 33377K, committed 33792K, reserved 491520K
  class space    used 4592K, committed 4800K, reserved 425984K

Heap Regions: E=young(eden), S=young(survivor), O=old, HS=humongous(starts), HC=humongous(continues), CS=collection set, F=free, OA=open archive, CA=closed archive, TAMS=top-at-mark-start (previous, next)
|   0|0x0000000080000000, 0x0000000080100000, 0x0000000080100000|100%|HS|  |TAMS 0x0000000080100000, 0x0000000080000000| Complete 
|   1|0x0000000080100000, 0x0000000080200000, 0x0000000080200000|100%|HC|  |TAMS 0x0000000080200000, 0x0000000080100000| Complete 
|   2|0x0000000080200000, 0x0000000080300000, 0x0000000080300000|100%|HC|  |TAMS 0x0000000080300000, 0x0000000080200000| Complete 
|   3|0x0000000080300000, 0x0000000080400000, 0x0000000080400000|100%|HC|  |TAMS 0x0000000080400000, 0x0000000080300000| Complete 
|   4|0x0000000080400000, 0x0000000080500000, 0x0000000080500000|100%| O|  |TAMS 0x0000000080500000, 0x0000000080400000| Untracked 
|   5|0x0000000080500000, 0x0000000080600000, 0x0000000080600000|100%| O|  |TAMS 0x0000000080600000, 0x0000000080500000| Untracked 
|   6|0x0000000080600000, 0x0000000080700000, 0x0000000080700000|100%| O|  |TAMS 0x0000000080700000, 0x0000000080600000| Untracked 
|   7|0x0000000080700000, 0x0000000080800000, 0x0000000080800000|100%| O|  |TAMS 0x0000000080800000, 0x0000000080700000| Untracked 
|   8|0x0000000080800000, 0x0000000080900000, 0x0000000080900000|100%| O|  |TAMS 0x0000000080900000, 0x0000000080800000| Untracked 
|   9|0x0000000080900000, 0x0000000080a00000, 0x0000000080a00000|100%| O|  |TAMS 0x0000000080a00000, 0x0000000080900000| Untracked 
|  10|0x0000000080a00000, 0x0000000080b00000, 0x0000000080b00000|100%| O|  |TAMS 0x0000000080b00000, 0x0000000080a00000| Untracked 
|  11|0x0000000080b00000, 0x0000000080c00000, 0x0000000080c00000|100%| O|  |TAMS 0x0000000080c00000, 0x0000000080b00000| Untracked 
|  12|0x0000000080c00000, 0x0000000080d00000, 0x0000000080d00000|100%| O|  |TAMS 0x0000000080d00000, 0x0000000080c00000| Untracked 
|  13|0x0000000080d00000, 0x0000000080e00000, 0x0000000080e00000|100%| O|  |TAMS 0x0000000080e00000, 0x0000000080d00000| Untracked 
|  14|0x0000000080e00000, 0x0000000080f00000, 0x0000000080f00000|100%| O|  |TAMS 0x0000000080f00000, 0x0000000080e00000| Untracked 
|  15|0x0000000080f00000, 0x0000000081000000, 0x0000000081000000|100%| O|  |TAMS 0x0000000081000000, 0x0000000080f00000| Untracked 
|  16|0x0000000081000000, 0x0000000081100000, 0x0000000081100000|100%| O|  |TAMS 0x0000000081100000, 0x0000000081000000| Untracked 
|  17|0x0000000081100000, 0x0000000081200000, 0x0000000081200000|100%| O|  |TAMS 0x0000000081200000, 0x0000000081100000| Untracked 
|  18|0x0000000081200000, 0x0000000081209600, 0x0000000081300000|  3%| O|  |TAMS 0x0000000081209600, 0x0000000081200000| Untracked 
|  19|0x0000000081300000, 0x0000000081400000, 0x0000000081400000|100%| O|  |TAMS 0x0000000081300000, 0x0000000081300000| Untracked 
|  20|0x0000000081400000, 0x0000000081500000, 0x0000000081500000|100%| O|  |TAMS 0x0000000081400000, 0x0000000081400000| Untracked 
|  21|0x0000000081500000, 0x0000000081600000, 0x0000000081600000|100%| O|  |TAMS 0x0000000081500000, 0x0000000081500000| Untracked 
|  22|0x0000000081600000, 0x0000000081700000, 0x0000000081700000|100%| O|  |TAMS 0x0000000081600000, 0x0000000081600000| Untracked 
|  23|0x0000000081700000, 0x0000000081700000, 0x0000000081800000|  0%| F|  |TAMS 0x0000000081700000, 0x0000000081700000| Untracked 
|  24|0x0000000081800000, 0x0000000081800000, 0x0000000081900000|  0%| F|  |TAMS 0x0000000081800000, 0x0000000081800000| Untracked 
|  25|0x0000000081900000, 0x0000000081900000, 0x0000000081a00000|  0%| F|  |TAMS 0x0000000081900000, 0x0000000081900000| Untracked 
|  26|0x0000000081a00000, 0x0000000081a00000, 0x0000000081b00000|  0%| F|  |TAMS 0x0000000081a00000, 0x0000000081a00000| Untracked 
|  27|0x0000000081b00000, 0x0000000081b00000, 0x0000000081c00000|  0%| F|  |TAMS 0x0000000081b00000, 0x0000000081b00000| Untracked 
|  28|0x0000000081c00000, 0x0000000081d00000, 0x0000000081d00000|100%| O|  |TAMS 0x0000000081c00000, 0x0000000081c00000| Untracked 
|  29|0x0000000081d00000, 0x0000000081e00000, 0x0000000081e00000|100%| O|  |TAMS 0x0000000081d00000, 0x0000000081d00000| Untracked 
|  30|0x0000000081e00000, 0x0000000081f00000, 0x0000000081f00000|100%| O|  |TAMS 0x0000000081e00000, 0x0000000081e00000| Untracked 
|  31|0x0000000081f00000, 0x0000000082000000, 0x0000000082000000|100%| O|  |TAMS 0x0000000081f00000, 0x0000000081f00000| Untracked 
|  32|0x0000000082000000, 0x0000000082100000, 0x0000000082100000|100%| O|  |TAMS 0x0000000082000000, 0x0000000082000000| Untracked 
|  33|0x0000000082100000, 0x00000000821cc200, 0x0000000082200000| 79%| O|  |TAMS 0x0000000082100000, 0x0000000082100000| Untracked 
|  34|0x0000000082200000, 0x0000000082200000, 0x0000000082300000|  0%| F|  |TAMS 0x0000000082200000, 0x0000000082200000| Untracked 
|  35|0x0000000082300000, 0x0000000082300000, 0x0000000082400000|  0%| F|  |TAMS 0x0000000082300000, 0x0000000082300000| Untracked 
|  36|0x0000000082400000, 0x0000000082400000, 0x0000000082500000|  0%| F|  |TAMS 0x0000000082400000, 0x0000000082400000| Untracked 
|  37|0x0000000082500000, 0x0000000082500000, 0x0000000082600000|  0%| F|  |TAMS 0x0000000082500000, 0x0000000082500000| Untracked 
|  38|0x0000000082600000, 0x0000000082600000, 0x0000000082700000|  0%| F|  |TAMS 0x0000000082600000, 0x0000000082600000| Untracked 
|  39|0x0000000082700000, 0x0000000082700000, 0x0000000082800000|  0%| F|  |TAMS 0x0000000082700000, 0x0000000082700000| Untracked 
|  40|0x0000000082800000, 0x0000000082800000, 0x0000000082900000|  0%| F|  |TAMS 0x0000000082800000, 0x0000000082800000| Untracked 
|  41|0x0000000082900000, 0x0000000082900000, 0x0000000082a00000|  0%| F|  |TAMS 0x0000000082900000, 0x0000000082900000| Untracked 
|  42|0x0000000082a00000, 0x0000000082a00000, 0x0000000082b00000|  0%| F|  |TAMS 0x0000000082a00000, 0x0000000082a00000| Untracked 
|  43|0x0000000082b00000, 0x0000000082b00000, 0x0000000082c00000|  0%| F|  |TAMS 0x0000000082b00000, 0x0000000082b00000| Untracked 
|  44|0x0000000082c00000, 0x0000000082c00000, 0x0000000082d00000|  0%| F|  |TAMS 0x0000000082c00000, 0x0000000082c00000| Untracked 
|  45|0x0000000082d00000, 0x0000000082d00000, 0x0000000082e00000|  0%| F|  |TAMS 0x0000000082d00000, 0x0000000082d00000| Untracked 
|  46|0x0000000082e00000, 0x0000000082e00000, 0x0000000082f00000|  0%| F|  |TAMS 0x0000000082e00000, 0x0000000082e00000| Untracked 
|  47|0x0000000082f00000, 0x0000000082f00000, 0x0000000083000000|  0%| F|  |TAMS 0x0000000082f00000, 0x0000000082f00000| Untracked 
|  48|0x0000000083000000, 0x00000000830e62e0, 0x0000000083100000| 89%| S|CS|TAMS 0x0000000083000000, 0x0000000083000000| Complete 
|  49|0x0000000083100000, 0x0000000083200000, 0x0000000083200000|100%| S|CS|TAMS 0x0000000083100000, 0x0000000083100000| Complete 
|  50|0x0000000083200000, 0x0000000083300000, 0x0000000083300000|100%| S|CS|TAMS 0x0000000083200000, 0x0000000083200000| Complete 
|  51|0x0000000083300000, 0x0000000083300000, 0x0000000083400000|  0%| F|  |TAMS 0x0000000083300000, 0x0000000083300000| Untracked 
|  52|0x0000000083400000, 0x0000000083400000, 0x0000000083500000|  0%| F|  |TAMS 0x0000000083400000, 0x0000000083400000| Untracked 
|  53|0x0000000083500000, 0x0000000083500000, 0x0000000083600000|  0%| F|  |TAMS 0x0000000083500000, 0x0000000083500000| Untracked 
|  54|0x0000000083600000, 0x0000000083600000, 0x0000000083700000|  0%| F|  |TAMS 0x0000000083600000, 0x0000000083600000| Untracked 
|  55|0x0000000083700000, 0x0000000083700000, 0x0000000083800000|  0%| F|  |TAMS 0x0000000083700000, 0x0000000083700000| Untracked 
|  56|0x0000000083800000, 0x0000000083800000, 0x0000000083900000|  0%| F|  |TAMS 0x0000000083800000, 0x0000000083800000| Untracked 
|  57|0x0000000083900000, 0x0000000083900000, 0x0000000083a00000|  0%| F|  |TAMS 0x0000000083900000, 0x0000000083900000| Untracked 
|  58|0x0000000083a00000, 0x0000000083a00000, 0x0000000083b00000|  0%| F|  |TAMS 0x0000000083a00000, 0x0000000083a00000| Untracked 
|  59|0x0000000083b00000, 0x0000000083b00000, 0x0000000083c00000|  0%| F|  |TAMS 0x0000000083b00000, 0x0000000083b00000| Untracked 
|  60|0x0000000083c00000, 0x0000000083c00000, 0x0000000083d00000|  0%| F|  |TAMS 0x0000000083c00000, 0x0000000083c00000| Untracked 
|  61|0x0000000083d00000, 0x0000000083d00000, 0x0000000083e00000|  0%| F|  |TAMS 0x0000000083d00000, 0x0000000083d00000| Untracked 
|  62|0x0000000083e00000, 0x0000000083e00000, 0x0000000083f00000|  0%| F|  |TAMS 0x0000000083e00000, 0x0000000083e00000| Untracked 
|  63|0x0000000083f00000, 0x0000000083f00000, 0x0000000084000000|  0%| F|  |TAMS 0x0000000083f00000, 0x0000000083f00000| Untracked 
|  64|0x0000000084000000, 0x0000000084000000, 0x0000000084100000|  0%| F|  |TAMS 0x0000000084000000, 0x0000000084000000| Untracked 
|  65|0x0000000084100000, 0x0000000084100000, 0x0000000084200000|  0%| F|  |TAMS 0x0000000084100000, 0x0000000084100000| Untracked 
|  66|0x0000000084200000, 0x0000000084200000, 0x0000000084300000|  0%| F|  |TAMS 0x0000000084200000, 0x0000000084200000| Untracked 
|  67|0x0000000084300000, 0x0000000084300000, 0x0000000084400000|  0%| F|  |TAMS 0x0000000084300000, 0x0000000084300000| Untracked 
|  68|0x0000000084400000, 0x0000000084400000, 0x0000000084500000|  0%| F|  |TAMS 0x0000000084400000, 0x0000000084400000| Untracked 
|  69|0x0000000084500000, 0x0000000084500000, 0x0000000084600000|  0%| F|  |TAMS 0x0000000084500000, 0x0000000084500000| Untracked 
|  70|0x0000000084600000, 0x0000000084600000, 0x0000000084700000|  0%| F|  |TAMS 0x0000000084600000, 0x0000000084600000| Untracked 
|  71|0x0000000084700000, 0x0000000084700000, 0x0000000084800000|  0%| F|  |TAMS 0x0000000084700000, 0x0000000084700000| Untracked 
|  72|0x0000000084800000, 0x0000000084800000, 0x0000000084900000|  0%| F|  |TAMS 0x0000000084800000, 0x0000000084800000| Untracked 
|  73|0x0000000084900000, 0x0000000084900000, 0x0000000084a00000|  0%| F|  |TAMS 0x0000000084900000, 0x0000000084900000| Untracked 
|  74|0x0000000084a00000, 0x0000000084a00000, 0x0000000084b00000|  0%| F|  |TAMS 0x0000000084a00000, 0x0000000084a00000| Untracked 
|  75|0x0000000084b00000, 0x0000000084b00000, 0x0000000084c00000|  0%| F|  |TAMS 0x0000000084b00000, 0x0000000084b00000| Untracked 
|  76|0x0000000084c00000, 0x0000000084c00000, 0x0000000084d00000|  0%| F|  |TAMS 0x0000000084c00000, 0x0000000084c00000| Untracked 
|  77|0x0000000084d00000, 0x0000000084d00000, 0x0000000084e00000|  0%| F|  |TAMS 0x0000000084d00000, 0x0000000084d00000| Untracked 
|  78|0x0000000084e00000, 0x0000000084e00000, 0x0000000084f00000|  0%| F|  |TAMS 0x0000000084e00000, 0x0000000084e00000| Untracked 
|  79|0x0000000084f00000, 0x0000000084f00000, 0x0000000085000000|  0%| F|  |TAMS 0x0000000084f00000, 0x0000000084f00000| Untracked 
|  80|0x0000000085000000, 0x0000000085000000, 0x0000000085100000|  0%| F|  |TAMS 0x0000000085000000, 0x0000000085000000| Untracked 
|  81|0x0000000085100000, 0x0000000085100000, 0x0000000085200000|  0%| F|  |TAMS 0x0000000085100000, 0x0000000085100000| Untracked 
|  82|0x0000000085200000, 0x0000000085291ae8, 0x0000000085300000| 56%| E|  |TAMS 0x0000000085200000, 0x0000000085200000| Complete 
|  83|0x0000000085300000, 0x0000000085400000, 0x0000000085400000|100%| E|CS|TAMS 0x0000000085300000, 0x0000000085300000| Complete 
|  84|0x0000000085400000, 0x0000000085500000, 0x0000000085500000|100%| E|CS|TAMS 0x0000000085400000, 0x0000000085400000| Complete 
|  94|0x0000000085e00000, 0x0000000085f00000, 0x0000000085f00000|100%| E|CS|TAMS 0x0000000085e00000, 0x0000000085e00000| Complete 
|  95|0x0000000085f00000, 0x0000000086000000, 0x0000000086000000|100%| E|CS|TAMS 0x0000000085f00000, 0x0000000085f00000| Complete 

Card table byte_map: [0x00000209fd680000,0x00000209fda80000] _byte_map_base: 0x00000209fd280000

Marking Bits (Prev, Next): (CMBitMap*) 0x00000209fceed830, (CMBitMap*) 0x00000209fceed7f0
 Prev Bits: [0x00000209967d0000, 0x00000209987d0000)
 Next Bits: [0x00000209fde80000, 0x00000209ffe80000)

Polling page: 0x00000209fadd0000

Metaspace:

Usage:
  Non-class:     28.11 MB used.
      Class:      4.49 MB used.
       Both:     32.60 MB used.

Virtual space:
  Non-class space:       64.00 MB reserved,      28.31 MB ( 44%) committed,  1 nodes.
      Class space:      416.00 MB reserved,       4.69 MB (  1%) committed,  1 nodes.
             Both:      480.00 MB reserved,      33.00 MB (  7%) committed. 

Chunk freelists:
   Non-Class:  3.41 MB
       Class:  11.22 MB
        Both:  14.63 MB

MaxMetaspaceSize: 512.00 MB
CompressedClassSpaceSize: 416.00 MB
Initial GC threshold: 21.00 MB
Current GC threshold: 35.44 MB
CDS: on
MetaspaceReclaimPolicy: balanced
 - commit_granule_bytes: 65536.
 - commit_granule_words: 8192.
 - virtual_space_node_default_size: 8388608.
 - enlarge_chunks_in_place: 1.
 - new_chunks_are_fully_committed: 0.
 - uncommit_free_chunks: 1.
 - use_allocation_guard: 0.
 - handle_deallocations: 1.


Internal statistics:

num_allocs_failed_limit: 3.
num_arena_births: 336.
num_arena_deaths: 0.
num_vsnodes_births: 2.
num_vsnodes_deaths: 0.
num_space_committed: 528.
num_space_uncommitted: 0.
num_chunks_returned_to_freelist: 3.
num_chunks_taken_from_freelist: 1494.
num_chunk_merges: 3.
num_chunk_splits: 1014.
num_chunks_enlarged: 744.
num_inconsistent_stats: 0.

CodeHeap 'non-profiled nmethods': size=120000Kb used=2509Kb max_used=2509Kb free=117490Kb
 bounds [0x000002098f2a0000, 0x000002098f520000, 0x00000209967d0000]
CodeHeap 'profiled nmethods': size=120000Kb used=8981Kb max_used=8981Kb free=111018Kb
 bounds [0x00000209877d0000, 0x00000209880a0000, 0x000002098ed00000]
CodeHeap 'non-nmethods': size=5760Kb used=2290Kb max_used=2323Kb free=3469Kb
 bounds [0x000002098ed00000, 0x000002098ef70000, 0x000002098f2a0000]
 total_blobs=5170 nmethods=4375 adapters=707
 compilation: enabled
              stopped_count=0, restarted_count=0
 full_count=0

Compilation events (20 events):
Event: 238.784 Thread 0x000002099b0ce860 nmethod 4380 0x0000020988092710 code [0x00000209880928c0, 0x0000020988092bd8]
Event: 238.790 Thread 0x000002099b0ce860 4383       3       org.gradle.launcher.daemon.context.DefaultDaemonContext$Serializer::read (6 bytes)
Event: 238.852 Thread 0x000002099b0ce860 nmethod 4383 0x0000020988092d10 code [0x0000020988092ea0, 0x0000020988092fe8]
Event: 238.857 Thread 0x000002099b0ce860 4386       3       org.gradle.launcher.daemon.registry.DaemonInfo::<init> (39 bytes)
Event: 238.949 Thread 0x000002099b0ce860 nmethod 4386 0x0000020988093090 code [0x0000020988093240, 0x00000209880935f8]
Event: 240.995 Thread 0x000002099b0ce860 4387       3       java.util.concurrent.locks.AbstractQueuedSynchronizer::acquire (20 bytes)
Event: 241.152 Thread 0x000002099b0ce860 nmethod 4387 0x0000020988093710 code [0x00000209880938c0, 0x0000020988093b38]
Event: 243.998 Thread 0x000002099b0ce860 4388       3       java.util.concurrent.ThreadPoolExecutor$Worker::lock (6 bytes)
Event: 243.998 Thread 0x000002099b0ce860 nmethod 4388 0x0000020988093c10 code [0x0000020988093da0, 0x0000020988093ee8]
Event: 244.000 Thread 0x000002099b0ce860 4389       3       java.util.concurrent.ThreadPoolExecutor$Worker::tryAcquire (20 bytes)
Event: 244.005 Thread 0x000002099b0ce860 nmethod 4389 0x0000020988093f90 code [0x0000020988094140, 0x0000020988094388]
Event: 244.005 Thread 0x000002099b0ce860 4390       3       java.util.concurrent.ThreadPoolExecutor::beforeExecute (1 bytes)
Event: 244.005 Thread 0x000002099b0ce860 nmethod 4390 0x0000020988094410 code [0x00000209880945a0, 0x00000209880946b8]
Event: 244.006 Thread 0x000002099b0ce860 4391       3       org.gradle.internal.time.MonotonicClock::syncIsDue (28 bytes)
Event: 244.012 Thread 0x000002099b0ce860 nmethod 4391 0x0000020988094790 code [0x0000020988094940, 0x0000020988094b28]
Event: 244.013 Thread 0x000002099b0ce860 4392       3       org.gradle.internal.time.MonotonicClock::advance (33 bytes)
Event: 244.045 Thread 0x000002099b0ce860 nmethod 4392 0x0000020988094c10 code [0x0000020988094dc0, 0x0000020988095068]
Event: 247.998 Thread 0x000002099b0ce860 4393       3       java.util.stream.FindOps$FindSink::accept (18 bytes)
Event: 247.999 Thread 0x000002099b0ce860 nmethod 4393 0x0000020988095190 code [0x0000020988095320, 0x00000209880954b8]
Event: 248.273 Thread 0x000002099b0ce860 4394       3       java.util.Formatter$FormatSpecifier::print (230 bytes)

GC Heap History (20 events):
Event: 33.451 GC heap before
{Heap before GC invocations=1 (full 0):
 garbage-first heap   total 98304K, used 36160K [0x0000000080000000, 0x0000000100000000)
  region size 1024K, 28 young (28672K), 3 survivors (3072K)
 Metaspace       used 4031K, committed 4224K, reserved 491520K
  class space    used 489K, committed 576K, reserved 425984K
}
Event: 33.859 GC heap after
{Heap after GC invocations=2 (full 0):
 garbage-first heap   total 98304K, used 11735K [0x0000000080000000, 0x0000000100000000)
  region size 1024K, 1 young (1024K), 1 survivors (1024K)
 Metaspace       used 4031K, committed 4224K, reserved 491520K
  class space    used 489K, committed 576K, reserved 425984K
}
Event: 38.419 GC heap before
{Heap before GC invocations=2 (full 0):
 garbage-first heap   total 98304K, used 18903K [0x0000000080000000, 0x0000000100000000)
  region size 1024K, 8 young (8192K), 1 survivors (1024K)
 Metaspace       used 4096K, committed 4288K, reserved 491520K
  class space    used 489K, committed 576K, reserved 425984K
}
Event: 38.428 GC heap after
{Heap after GC invocations=3 (full 0):
 garbage-first heap   total 98304K, used 14464K [0x0000000080000000, 0x0000000100000000)
  region size 1024K, 1 young (1024K), 1 survivors (1024K)
 Metaspace       used 4096K, committed 4288K, reserved 491520K
  class space    used 489K, committed 576K, reserved 425984K
}
Event: 41.040 GC heap before
{Heap before GC invocations=3 (full 0):
 garbage-first heap   total 98304K, used 23680K [0x0000000080000000, 0x0000000100000000)
  region size 1024K, 11 young (11264K), 1 survivors (1024K)
 Metaspace       used 4490K, committed 4672K, reserved 491520K
  class space    used 588K, committed 704K, reserved 425984K
}
Event: 41.043 GC heap after
{Heap after GC invocations=4 (full 0):
 garbage-first heap   total 98304K, used 16082K [0x0000000080000000, 0x0000000100000000)
  region size 1024K, 2 young (2048K), 2 survivors (2048K)
 Metaspace       used 4490K, committed 4672K, reserved 491520K
  class space    used 588K, committed 704K, reserved 425984K
}
Event: 48.101 GC heap before
{Heap before GC invocations=4 (full 0):
 garbage-first heap   total 98304K, used 29394K [0x0000000080000000, 0x0000000100000000)
  region size 1024K, 16 young (16384K), 2 survivors (2048K)
 Metaspace       used 8457K, committed 8640K, reserved 491520K
  class space    used 1123K, committed 1216K, reserved 425984K
}
Event: 48.141 GC heap after
{Heap after GC invocations=5 (full 0):
 garbage-first heap   total 98304K, used 18466K [0x0000000080000000, 0x0000000100000000)
  region size 1024K, 2 young (2048K), 2 survivors (2048K)
 Metaspace       used 8457K, committed 8640K, reserved 491520K
  class space    used 1123K, committed 1216K, reserved 425984K
}
Event: 74.746 GC heap before
{Heap before GC invocations=5 (full 0):
 garbage-first heap   total 98304K, used 40994K [0x0000000080000000, 0x0000000100000000)
  region size 1024K, 25 young (25600K), 2 survivors (2048K)
 Metaspace       used 12827K, committed 13120K, reserved 491520K
  class space    used 1781K, committed 1920K, reserved 425984K
}
Event: 74.859 GC heap after
{Heap after GC invocations=6 (full 0):
 garbage-first heap   total 98304K, used 20159K [0x0000000080000000, 0x0000000100000000)
  region size 1024K, 4 young (4096K), 4 survivors (4096K)
 Metaspace       used 12827K, committed 13120K, reserved 491520K
  class space    used 1781K, committed 1920K, reserved 425984K
}
Event: 100.489 GC heap before
{Heap before GC invocations=6 (full 0):
 garbage-first heap   total 98304K, used 48831K [0x0000000080000000, 0x0000000100000000)
  region size 1024K, 32 young (32768K), 4 survivors (4096K)
 Metaspace       used 16798K, committed 17152K, reserved 491520K
  class space    used 2408K, committed 2560K, reserved 425984K
}
Event: 100.522 GC heap after
{Heap after GC invocations=7 (full 0):
 garbage-first heap   total 98304K, used 21768K [0x0000000080000000, 0x0000000100000000)
  region size 1024K, 4 young (4096K), 4 survivors (4096K)
 Metaspace       used 16798K, committed 17152K, reserved 491520K
  class space    used 2408K, committed 2560K, reserved 425984K
}
Event: 122.383 GC heap before
{Heap before GC invocations=7 (full 0):
 garbage-first heap   total 98304K, used 56584K [0x0000000080000000, 0x0000000100000000)
  region size 1024K, 39 young (39936K), 4 survivors (4096K)
 Metaspace       used 21233K, committed 21504K, reserved 491520K
  class space    used 3118K, committed 3264K, reserved 425984K
}
Event: 122.683 GC heap after
{Heap after GC invocations=8 (full 0):
 garbage-first heap   total 98304K, used 23525K [0x0000000080000000, 0x0000000100000000)
  region size 1024K, 5 young (5120K), 5 survivors (5120K)
 Metaspace       used 21233K, committed 21504K, reserved 491520K
  class space    used 3118K, committed 3264K, reserved 425984K
}
Event: 126.049 GC heap before
{Heap before GC invocations=9 (full 0):
 garbage-first heap   total 89088K, used 44005K [0x0000000080000000, 0x0000000100000000)
  region size 1024K, 26 young (26624K), 5 survivors (5120K)
 Metaspace       used 23992K, committed 24384K, reserved 491520K
  class space    used 3546K, committed 3712K, reserved 425984K
}
Event: 126.072 GC heap after
{Heap after GC invocations=10 (full 0):
 garbage-first heap   total 89088K, used 24470K [0x0000000080000000, 0x0000000100000000)
  region size 1024K, 3 young (3072K), 3 survivors (3072K)
 Metaspace       used 23992K, committed 24384K, reserved 491520K
  class space    used 3546K, committed 3712K, reserved 425984K
}
Event: 132.172 GC heap before
{Heap before GC invocations=10 (full 0):
 garbage-first heap   total 89088K, used 65430K [0x0000000080000000, 0x0000000100000000)
  region size 1024K, 44 young (45056K), 3 survivors (3072K)
 Metaspace       used 29970K, committed 30400K, reserved 491520K
  class space    used 4188K, committed 4416K, reserved 425984K
}
Event: 132.188 GC heap after
{Heap after GC invocations=11 (full 0):
 garbage-first heap   total 89088K, used 28526K [0x0000000080000000, 0x0000000100000000)
  region size 1024K, 6 young (6144K), 6 survivors (6144K)
 Metaspace       used 29970K, committed 30400K, reserved 491520K
  class space    used 4188K, committed 4416K, reserved 425984K
}
Event: 151.171 GC heap before
{Heap before GC invocations=11 (full 0):
 garbage-first heap   total 89088K, used 70510K [0x0000000080000000, 0x0000000100000000)
  region size 1024K, 42 young (43008K), 6 survivors (6144K)
 Metaspace       used 33155K, committed 33536K, reserved 491520K
  class space    used 4554K, committed 4736K, reserved 425984K
}
Event: 151.261 GC heap after
{Heap after GC invocations=12 (full 0):
 garbage-first heap   total 89088K, used 31470K [0x0000000080000000, 0x0000000100000000)
  region size 1024K, 3 young (3072K), 3 survivors (3072K)
 Metaspace       used 33155K, committed 33536K, reserved 491520K
  class space    used 4554K, committed 4736K, reserved 425984K
}

Deoptimization events (20 events):
Event: 180.599 Thread 0x000002099b6c8850 Uncommon trap: trap_request=0xffffffde fr.pc=0x000002098f4b6c34 relative=0x00000000000007b4
Event: 180.599 Thread 0x000002099b6c8850 Uncommon trap: reason=class_check action=maybe_recompile pc=0x000002098f4b6c34 method=java.io.BufferedInputStream.read1([BII)I @ 39 c2
Event: 180.599 Thread 0x000002099b6c8850 DEOPT PACKING pc=0x000002098f4b6c34 sp=0x0000008cc46f7cc0
Event: 180.599 Thread 0x000002099b6c8850 DEOPT UNPACKING pc=0x000002098ed523a3 sp=0x0000008cc46f7bf8 mode 2
Event: 180.772 Thread 0x000002099b6c8850 Uncommon trap: trap_request=0xffffffde fr.pc=0x000002098f49b9bc relative=0x000000000000045c
Event: 180.772 Thread 0x000002099b6c8850 Uncommon trap: reason=class_check action=maybe_recompile pc=0x000002098f49b9bc method=java.util.regex.Pattern$Start.match(Ljava/util/regex/Matcher;ILjava/lang/CharSequence;)Z @ 44 c2
Event: 180.772 Thread 0x000002099b6c8850 DEOPT PACKING pc=0x000002098f49b9bc sp=0x0000008cc46f7460
Event: 180.772 Thread 0x000002099b6c8850 DEOPT UNPACKING pc=0x000002098ed523a3 sp=0x0000008cc46f7328 mode 2
Event: 180.778 Thread 0x000002099b6c8850 Uncommon trap: trap_request=0xffffffde fr.pc=0x000002098f48c988 relative=0x0000000000000428
Event: 180.778 Thread 0x000002099b6c8850 Uncommon trap: reason=class_check action=maybe_recompile pc=0x000002098f48c988 method=java.util.regex.Pattern$Start.match(Ljava/util/regex/Matcher;ILjava/lang/CharSequence;)Z @ 44 c2
Event: 180.778 Thread 0x000002099b6c8850 DEOPT PACKING pc=0x000002098f48c988 sp=0x0000008cc46f73f0
Event: 180.778 Thread 0x000002099b6c8850 DEOPT UNPACKING pc=0x000002098ed523a3 sp=0x0000008cc46f7330 mode 2
Event: 180.778 Thread 0x000002099b6c8850 Uncommon trap: trap_request=0xffffffde fr.pc=0x000002098f48d520 relative=0x00000000000002e0
Event: 180.778 Thread 0x000002099b6c8850 Uncommon trap: reason=class_check action=maybe_recompile pc=0x000002098f48d520 method=java.util.regex.Pattern$Start.match(Ljava/util/regex/Matcher;ILjava/lang/CharSequence;)Z @ 44 c2
Event: 180.778 Thread 0x000002099b6c8850 DEOPT PACKING pc=0x000002098f48d520 sp=0x0000008cc46f7370
Event: 180.778 Thread 0x000002099b6c8850 DEOPT UNPACKING pc=0x000002098ed523a3 sp=0x0000008cc46f7330 mode 2
Event: 183.115 Thread 0x000002099b6c8850 Uncommon trap: trap_request=0xffffffde fr.pc=0x000002098f4b6c34 relative=0x00000000000007b4
Event: 183.115 Thread 0x000002099b6c8850 Uncommon trap: reason=class_check action=maybe_recompile pc=0x000002098f4b6c34 method=java.io.BufferedInputStream.read1([BII)I @ 39 c2
Event: 183.115 Thread 0x000002099b6c8850 DEOPT PACKING pc=0x000002098f4b6c34 sp=0x0000008cc46f7cc0
Event: 183.115 Thread 0x000002099b6c8850 DEOPT UNPACKING pc=0x000002098ed523a3 sp=0x0000008cc46f7bf8 mode 2

Classes unloaded (0 events):
No events

Classes redefined (0 events):
No events

Internal exceptions (20 events):
Event: 150.489 Thread 0x000002099b6c8850 Exception <a 'java/lang/NoSuchMethodError'{0x00000000836426a8}: 'void java.lang.invoke.DirectMethodHandle$Holder.invokeStatic(java.lang.Object, long)'> (0x00000000836426a8) 
thrown [s\open\src\hotspot\share\interpreter\linkResolver.cpp, line 759]
Event: 150.495 Thread 0x000002099b6c8850 Exception <a 'java/lang/NoSuchMethodError'{0x0000000083648ce8}: 'java.lang.Object java.lang.invoke.DirectMethodHandle$Holder.newInvokeSpecial(java.lang.Object, long)'> (0x0000000083648ce8) 
thrown [s\open\src\hotspot\share\interpreter\linkResolver.cpp, line 759]
Event: 150.517 Thread 0x000002099b6c8850 Exception <a 'java/lang/NoSuchMethodError'{0x0000000083653320}: 'java.lang.Object java.lang.invoke.DirectMethodHandle$Holder.invokeStatic(java.lang.Object, java.lang.Object, long, java.lang.Object)'> (0x0000000083653320) 
thrown [s\open\src\hotspot\share\interpreter\linkResolver.cpp, line 759]
Event: 150.518 Thread 0x000002099b6c8850 Exception <a 'java/lang/NoSuchMethodError'{0x0000000083657ae8}: 'java.lang.Object java.lang.invoke.DirectMethodHandle$Holder.invokeStaticInit(java.lang.Object, java.lang.Object, long, java.lang.Object)'> (0x0000000083657ae8) 
thrown [s\open\src\hotspot\share\interpreter\linkResolver.cpp, line 759]
Event: 150.608 Thread 0x000002099b6c8850 Exception <a 'java/lang/ClassNotFoundException'{0x0000000083679580}: java/lang/ProcessImplBeanInfo> (0x0000000083679580) 
thrown [s\open\src\hotspot\share\classfile\systemDictionary.cpp, line 256]
Event: 150.608 Thread 0x000002099b6c8850 Exception <a 'java/lang/ClassNotFoundException'{0x000000008367eee0}: java/lang/ProcessBeanInfo> (0x000000008367eee0) 
thrown [s\open\src\hotspot\share\classfile\systemDictionary.cpp, line 256]
Event: 150.609 Thread 0x000002099b6c8850 Exception <a 'java/lang/ClassNotFoundException'{0x00000000836b8ac0}: java/lang/ProcessCustomizer> (0x00000000836b8ac0) 
thrown [s\open\src\hotspot\share\classfile\systemDictionary.cpp, line 256]
Event: 150.615 Thread 0x000002099b6c8850 Exception <a 'java/lang/ClassNotFoundException'{0x00000000836cb7b8}: java/lang/ProcessImplCustomizer> (0x00000000836cb7b8) 
thrown [s\open\src\hotspot\share\classfile\systemDictionary.cpp, line 256]
Event: 150.701 Thread 0x000002099b6c8850 Exception <a 'java/lang/ClassNotFoundException'{0x0000000083518320}: java/io/InputStreamReaderBeanInfo> (0x0000000083518320) 
thrown [s\open\src\hotspot\share\classfile\systemDictionary.cpp, line 256]
Event: 150.702 Thread 0x000002099b6c8850 Exception <a 'java/lang/ClassNotFoundException'{0x000000008351dc08}: java/io/ReaderBeanInfo> (0x000000008351dc08) 
thrown [s\open\src\hotspot\share\classfile\systemDictionary.cpp, line 256]
Event: 150.702 Thread 0x000002099b6c8850 Exception <a 'java/lang/ClassNotFoundException'{0x0000000083523508}: java/io/ReaderCustomizer> (0x0000000083523508) 
thrown [s\open\src\hotspot\share\classfile\systemDictionary.cpp, line 256]
Event: 150.703 Thread 0x000002099b6c8850 Exception <a 'java/lang/ClassNotFoundException'{0x000000008352ed30}: java/io/InputStreamReaderCustomizer> (0x000000008352ed30) 
thrown [s\open\src\hotspot\share\classfile\systemDictionary.cpp, line 256]
Event: 150.710 Thread 0x000002099b6c8850 Exception <a 'java/lang/ClassNotFoundException'{0x000000008354d990}: java/io/BufferedReaderBeanInfo> (0x000000008354d990) 
thrown [s\open\src\hotspot\share\classfile\systemDictionary.cpp, line 256]
Event: 150.711 Thread 0x000002099b6c8850 Exception <a 'java/lang/ClassNotFoundException'{0x00000000835532c0}: java/io/BufferedReaderCustomizer> (0x00000000835532c0) 
thrown [s\open\src\hotspot\share\classfile\systemDictionary.cpp, line 256]
Event: 150.725 Thread 0x000002099b6c8850 Exception <a 'java/lang/ClassNotFoundException'{0x0000000083489040}: java/lang/StringBufferBeanInfo> (0x0000000083489040) 
thrown [s\open\src\hotspot\share\classfile\systemDictionary.cpp, line 256]
Event: 150.725 Thread 0x000002099b6c8850 Exception <a 'java/lang/ClassNotFoundException'{0x000000008348e9d8}: java/lang/AbstractStringBuilderBeanInfo> (0x000000008348e9d8) 
thrown [s\open\src\hotspot\share\classfile\systemDictionary.cpp, line 256]
Event: 150.726 Thread 0x000002099b6c8850 Exception <a 'java/lang/ClassNotFoundException'{0x0000000083494498}: java/lang/AbstractStringBuilderCustomizer> (0x0000000083494498) 
thrown [s\open\src\hotspot\share\classfile\systemDictionary.cpp, line 256]
Event: 150.737 Thread 0x000002099b6c8850 Exception <a 'java/lang/ClassNotFoundException'{0x000000008337f2d8}: java/lang/StringBufferCustomizer> (0x000000008337f2d8) 
thrown [s\open\src\hotspot\share\classfile\systemDictionary.cpp, line 256]
Event: 180.763 Thread 0x000002099b6c8850 Exception <a 'java/lang/ClassNotFoundException'{0x00000000854add70}: java/lang/StringBeanInfo> (0x00000000854add70) 
thrown [s\open\src\hotspot\share\classfile\systemDictionary.cpp, line 256]
Event: 180.766 Thread 0x000002099b6c8850 Exception <a 'java/lang/ClassNotFoundException'{0x00000000854b3698}: java/lang/StringCustomizer> (0x00000000854b3698) 
thrown [s\open\src\hotspot\share\classfile\systemDictionary.cpp, line 256]

VM Operations (20 events):
Event: 174.776 Executing VM operation: Cleanup
Event: 174.803 Executing VM operation: Cleanup done
Event: 180.868 Executing VM operation: Cleanup
Event: 181.349 Executing VM operation: Cleanup done
Event: 181.349 Executing VM operation: HandshakeAllThreads
Event: 181.353 Executing VM operation: HandshakeAllThreads done
Event: 204.895 Executing VM operation: Cleanup
Event: 205.197 Executing VM operation: Cleanup done
Event: 209.222 Executing VM operation: Cleanup
Event: 209.320 Executing VM operation: Cleanup done
Event: 218.428 Executing VM operation: Cleanup
Event: 218.455 Executing VM operation: Cleanup done
Event: 222.476 Executing VM operation: Cleanup
Event: 222.477 Executing VM operation: Cleanup done
Event: 228.522 Executing VM operation: Cleanup
Event: 228.544 Executing VM operation: Cleanup done
Event: 242.682 Executing VM operation: Cleanup
Event: 242.710 Executing VM operation: Cleanup done
Event: 245.721 Executing VM operation: Cleanup
Event: 245.761 Executing VM operation: Cleanup done

Events (20 events):
Event: 150.725 loading class java/lang/AbstractStringBuilderBeanInfo done
Event: 150.725 loading class java/lang/AbstractStringBuilderBeanInfo
Event: 150.725 loading class java/lang/AbstractStringBuilderBeanInfo done
Event: 150.725 loading class java/lang/AbstractStringBuilderCustomizer
Event: 150.725 loading class java/lang/AbstractStringBuilderCustomizer done
Event: 150.726 loading class java/lang/AbstractStringBuilderCustomizer
Event: 150.726 loading class java/lang/AbstractStringBuilderCustomizer done
Event: 150.737 loading class java/lang/StringBufferCustomizer
Event: 150.737 loading class java/lang/StringBufferCustomizer done
Event: 150.737 loading class java/lang/StringBufferCustomizer
Event: 150.737 loading class java/lang/StringBufferCustomizer done
Event: 180.761 loading class java/lang/StringBeanInfo
Event: 180.761 loading class java/lang/StringBeanInfo done
Event: 180.761 loading class java/lang/StringBeanInfo
Event: 180.761 loading class java/lang/StringBeanInfo done
Event: 180.764 loading class java/lang/StringCustomizer
Event: 180.764 loading class java/lang/StringCustomizer done
Event: 180.766 loading class java/lang/StringCustomizer
Event: 180.766 loading class java/lang/StringCustomizer done
Event: 210.541 Thread 0x000002099b6c9c90 Thread exited: 0x000002099b6c9c90


Dynamic libraries:
0x00007ff619ef0000 - 0x00007ff619f00000 	C:\Program Files\Java\jdk-17\bin\java.exe
0x00007ffef5030000 - 0x00007ffef5247000 	C:\WINDOWS\SYSTEM32\ntdll.dll
0x00007ffef2d80000 - 0x00007ffef2e44000 	C:\WINDOWS\System32\KERNEL32.DLL
0x00007ffef28b0000 - 0x00007ffef2c56000 	C:\WINDOWS\System32\KERNELBASE.dll
0x00007ffef26f0000 - 0x00007ffef2801000 	C:\WINDOWS\System32\ucrtbase.dll
0x00007ffedc570000 - 0x00007ffedc589000 	C:\Program Files\Java\jdk-17\bin\jli.dll
0x00007ffef3b80000 - 0x00007ffef3c33000 	C:\WINDOWS\System32\ADVAPI32.dll
0x00007ffef4ab0000 - 0x00007ffef4b57000 	C:\WINDOWS\System32\msvcrt.dll
0x00007ffef3000000 - 0x00007ffef30a8000 	C:\WINDOWS\System32\sechost.dll
0x00007ffef25a0000 - 0x00007ffef25c8000 	C:\WINDOWS\System32\bcrypt.dll
0x00007ffef3960000 - 0x00007ffef3a77000 	C:\WINDOWS\System32\RPCRT4.dll
0x00007ffef30b0000 - 0x00007ffef325e000 	C:\WINDOWS\System32\USER32.dll
0x00007ffef2c60000 - 0x00007ffef2c86000 	C:\WINDOWS\System32\win32u.dll
0x00007ffef37d0000 - 0x00007ffef37f9000 	C:\WINDOWS\System32\GDI32.dll
0x00007ffef25d0000 - 0x00007ffef26e8000 	C:\WINDOWS\System32\gdi32full.dll
0x00007ffef2810000 - 0x00007ffef28aa000 	C:\WINDOWS\System32\msvcp_win.dll
0x00007ffedc550000 - 0x00007ffedc56b000 	C:\Program Files\Java\jdk-17\bin\VCRUNTIME140.dll
0x00007ffee2590000 - 0x00007ffee2823000 	C:\WINDOWS\WinSxS\amd64_microsoft.windows.common-controls_6595b64144ccf1df_6.0.22621.2506_none_270c5ae97388e100\COMCTL32.dll
0x00007ffeeced0000 - 0x00007ffeeceda000 	C:\WINDOWS\SYSTEM32\VERSION.dll
0x00007ffef3790000 - 0x00007ffef37c1000 	C:\WINDOWS\System32\IMM32.DLL
0x00007ffedc540000 - 0x00007ffedc54c000 	C:\Program Files\Java\jdk-17\bin\vcruntime140_1.dll
0x00007ffedc4b0000 - 0x00007ffedc53e000 	C:\Program Files\Java\jdk-17\bin\msvcp140.dll
0x00007ffeba580000 - 0x00007ffebb161000 	C:\Program Files\Java\jdk-17\bin\server\jvm.dll
0x00007ffef4dd0000 - 0x00007ffef4dd8000 	C:\WINDOWS\System32\PSAPI.DLL
0x00007ffeb4920000 - 0x00007ffeb4929000 	C:\WINDOWS\SYSTEM32\WSOCK32.dll
0x00007ffef4bd0000 - 0x00007ffef4c41000 	C:\WINDOWS\System32\WS2_32.dll
0x00007ffee1e20000 - 0x00007ffee1e54000 	C:\WINDOWS\SYSTEM32\WINMM.dll
0x00007ffef13a0000 - 0x00007ffef13b8000 	C:\WINDOWS\SYSTEM32\kernel.appcore.dll
0x00007ffedc4a0000 - 0x00007ffedc4aa000 	C:\Program Files\Java\jdk-17\bin\jimage.dll
0x00007ffeec1c0000 - 0x00007ffeec3f3000 	C:\WINDOWS\SYSTEM32\DBGHELP.DLL
0x00007ffef32e0000 - 0x00007ffef3669000 	C:\WINDOWS\System32\combase.dll
0x00007ffef4c50000 - 0x00007ffef4d27000 	C:\WINDOWS\System32\OLEAUT32.dll
0x00007ffeeb3b0000 - 0x00007ffeeb3e2000 	C:\WINDOWS\SYSTEM32\dbgcore.DLL
0x00007ffef2d00000 - 0x00007ffef2d7a000 	C:\WINDOWS\System32\bcryptPrimitives.dll
0x00007ffecb470000 - 0x00007ffecb47e000 	C:\Program Files\Java\jdk-17\bin\instrument.dll
0x00007ffed0020000 - 0x00007ffed0045000 	C:\Program Files\Java\jdk-17\bin\java.dll
0x00007ffeba4a0000 - 0x00007ffeba577000 	C:\Program Files\Java\jdk-17\bin\jsvml.dll
0x00007ffef41c0000 - 0x00007ffef4a1a000 	C:\WINDOWS\System32\SHELL32.dll
0x00007ffef02c0000 - 0x00007ffef0bb6000 	C:\WINDOWS\SYSTEM32\windows.storage.dll
0x00007ffef0180000 - 0x00007ffef02be000 	C:\WINDOWS\SYSTEM32\wintypes.dll
0x00007ffef40c0000 - 0x00007ffef41b3000 	C:\WINDOWS\System32\SHCORE.dll
0x00007ffef3280000 - 0x00007ffef32de000 	C:\WINDOWS\System32\shlwapi.dll
0x00007ffef22a0000 - 0x00007ffef22c6000 	C:\WINDOWS\SYSTEM32\profapi.dll
0x00007ffecfed0000 - 0x00007ffecfee8000 	C:\Program Files\Java\jdk-17\bin\zip.dll
0x00007ffed4880000 - 0x00007ffed4899000 	C:\Program Files\Java\jdk-17\bin\net.dll
0x00007ffeed2d0000 - 0x00007ffeed407000 	C:\WINDOWS\SYSTEM32\WINHTTP.dll
0x00007ffef1820000 - 0x00007ffef1889000 	C:\WINDOWS\system32\mswsock.dll
0x00007ffed0000000 - 0x00007ffed0016000 	C:\Program Files\Java\jdk-17\bin\nio.dll
0x00007ffed2670000 - 0x00007ffed2680000 	C:\Program Files\Java\jdk-17\bin\verify.dll
0x00007ffecbc90000 - 0x00007ffecbcb7000 	C:\Users\Odalis Valencia\.gradle\native\68d5fa5c4cc2d200863cafc0d521ce42e7d3e7ee720ec0a83991735586a16f82\windows-amd64\native-platform.dll
0x00007ffeba350000 - 0x00007ffeba494000 	C:\Users\Odalis Valencia\.gradle\native\e376f236ea51e6404a007f0833ffe2c6e607c4080706a723a18a27aeea778392\windows-amd64\native-platform-file-events.dll
0x00007ffed1060000 - 0x00007ffed106a000 	C:\Program Files\Java\jdk-17\bin\management.dll
0x00007ffed0d70000 - 0x00007ffed0d7b000 	C:\Program Files\Java\jdk-17\bin\management_ext.dll
0x00007ffef1a80000 - 0x00007ffef1a9b000 	C:\WINDOWS\SYSTEM32\CRYPTSP.dll
0x00007ffef1300000 - 0x00007ffef1335000 	C:\WINDOWS\system32\rsaenh.dll
0x00007ffef1910000 - 0x00007ffef193c000 	C:\WINDOWS\SYSTEM32\USERENV.dll
0x00007ffef1a70000 - 0x00007ffef1a7c000 	C:\WINDOWS\SYSTEM32\CRYPTBASE.dll
0x00007ffef0e20000 - 0x00007ffef0e4d000 	C:\WINDOWS\SYSTEM32\IPHLPAPI.DLL
0x00007ffef3950000 - 0x00007ffef3959000 	C:\WINDOWS\System32\NSI.dll
0x00007ffeed630000 - 0x00007ffeed649000 	C:\WINDOWS\SYSTEM32\dhcpcsvc6.DLL
0x00007ffeed020000 - 0x00007ffeed03f000 	C:\WINDOWS\SYSTEM32\dhcpcsvc.DLL
0x00007ffef0e90000 - 0x00007ffef0f89000 	C:\WINDOWS\SYSTEM32\DNSAPI.dll
0x00007ffec7e10000 - 0x00007ffec7e1e000 	C:\Program Files\Java\jdk-17\bin\sunmscapi.dll
0x00007ffef2370000 - 0x00007ffef24d6000 	C:\WINDOWS\System32\CRYPT32.dll
0x00007ffef1c30000 - 0x00007ffef1c5e000 	C:\WINDOWS\SYSTEM32\ncrypt.dll
0x00007ffef1bf0000 - 0x00007ffef1c27000 	C:\WINDOWS\SYSTEM32\NTASN1.dll
0x00007ffed6600000 - 0x00007ffed6608000 	C:\WINDOWS\system32\wshunix.dll

dbghelp: loaded successfully - version: 4.0.5 - missing functions: none
symbol engine: initialized successfully - sym options: 0x614 - pdb path: .;C:\Program Files\Java\jdk-17\bin;C:\WINDOWS\SYSTEM32;C:\WINDOWS\WinSxS\amd64_microsoft.windows.common-controls_6595b64144ccf1df_6.0.22621.2506_none_270c5ae97388e100;C:\Program Files\Java\jdk-17\bin\server;C:\Users\Odalis Valencia\.gradle\native\68d5fa5c4cc2d200863cafc0d521ce42e7d3e7ee720ec0a83991735586a16f82\windows-amd64;C:\Users\Odalis Valencia\.gradle\native\e376f236ea51e6404a007f0833ffe2c6e607c4080706a723a18a27aeea778392\windows-amd64

VM Arguments:
jvm_args: -XX:MaxMetaspaceSize=512m --add-opens=java.base/java.util=ALL-UNNAMED --add-opens=java.base/java.lang=ALL-UNNAMED --add-opens=java.base/java.lang.invoke=ALL-UNNAMED --add-opens=java.prefs/java.util.prefs=ALL-UNNAMED --add-opens=java.base/java.nio.charset=ALL-UNNAMED --add-opens=java.base/java.net=ALL-UNNAMED --add-opens=java.base/java.util.concurrent.atomic=ALL-UNNAMED -Xmx2048m -Dfile.encoding=windows-1252 -Duser.country=CO -Duser.language=es -Duser.variant -javaagent:C:\Users\Odalis Valencia\.gradle\wrapper\dists\gradle-8.3-all\6en3ugtfdg5xnpx44z4qbwgas\gradle-8.3\lib\agents\gradle-instrumentation-agent-8.3.jar 
java_command: org.gradle.launcher.daemon.bootstrap.GradleDaemon 8.3
java_class_path (initial): C:\Users\Odalis Valencia\.gradle\wrapper\dists\gradle-8.3-all\6en3ugtfdg5xnpx44z4qbwgas\gradle-8.3\lib\gradle-launcher-8.3.jar
Launcher Type: SUN_STANDARD

[Global flags]
     intx CICompilerCount                          = 4                                         {product} {ergonomic}
   size_t CompressedClassSpaceSize                 = 436207616                                 {product} {ergonomic}
     uint ConcGCThreads                            = 2                                         {product} {ergonomic}
     uint G1ConcRefinementThreads                  = 8                                         {product} {ergonomic}
   size_t G1HeapRegionSize                         = 1048576                                   {product} {ergonomic}
    uintx GCDrainStackTargetSize                   = 64                                        {product} {ergonomic}
   size_t InitialHeapSize                          = 100663296                                 {product} {ergonomic}
   size_t MarkStackSize                            = 4194304                                   {product} {ergonomic}
   size_t MaxHeapSize                              = 2147483648                                {product} {command line}
   size_t MaxMetaspaceSize                         = 536870912                                 {product} {command line}
   size_t MaxNewSize                               = 1287651328                                {product} {ergonomic}
   size_t MinHeapDeltaBytes                        = 1048576                                   {product} {ergonomic}
   size_t MinHeapSize                              = 8388608                                   {product} {ergonomic}
    uintx NonNMethodCodeHeapSize                   = 5839372                                {pd product} {ergonomic}
    uintx NonProfiledCodeHeapSize                  = 122909434                              {pd product} {ergonomic}
    uintx ProfiledCodeHeapSize                     = 122909434                              {pd product} {ergonomic}
    uintx ReservedCodeCacheSize                    = 251658240                              {pd product} {ergonomic}
     bool SegmentedCodeCache                       = true                                      {product} {ergonomic}
   size_t SoftMaxHeapSize                          = 2147483648                             {manageable} {ergonomic}
     bool UseCompressedClassPointers               = true                           {product lp64_product} {ergonomic}
     bool UseCompressedOops                        = true                           {product lp64_product} {ergonomic}
     bool UseG1GC                                  = true                                      {product} {ergonomic}
     bool UseLargePagesIndividualAllocation        = false                                  {pd product} {ergonomic}

Logging:
Log output configuration:
 #0: stdout all=warning uptime,level,tags
 #1: stderr all=off uptime,level,tags

Environment Variables:
JAVA_HOME=C:\Program Files\Java\jdk-17
CLASSPATH=C:\Users\Odalis Valencia\Documents\proyectos\app\app_client\android\\gradle\wrapper\gradle-wrapper.jar
PATH=C:\Users\Odalis Valencia\Documents\proyectos\app\app_client\node_modules\.bin;C:\Users\Odalis Valencia\Documents\proyectos\app\app_client\node_modules\.bin;C:\Users\Odalis Valencia\Documents\proyectos\app\node_modules\.bin;C:\Users\Odalis Valencia\Documents\proyectos\node_modules\.bin;C:\Users\Odalis Valencia\Documents\node_modules\.bin;C:\Users\Odalis Valencia\node_modules\.bin;C:\Users\node_modules\.bin;C:\node_modules\.bin;C:\Users\Administrador\nvm\v18.18.2\node_modules\npm\node_modules\@npmcli\run-script\lib\node-gyp-bin;C:\Users\Odalis Valencia\Documents\proyectos\app\app_client\node_modules\.bin;C:\Users\Odalis Valencia\Documents\proyectos\app\node_modules\.bin;C:\Users\Odalis Valencia\Documents\proyectos\node_modules\.bin;C:\Users\Odalis Valencia\Documents\node_modules\.bin;C:\Users\Odalis Valencia\node_modules\.bin;C:\Users\node_modules\.bin;C:\node_modules\.bin;C:\Users\Administrador\nvm\v18.18.2\node_modules\npm\node_modules\@npmcli\run-script\lib\node-gyp-bin;C:\Users\Odalis Valencia\bin;C:\Program Files\Git\mingw64\bin;C:\Program Files\Git\usr\local\bin;C:\Program Files\Git\usr\bin;C:\Program Files\Git\usr\bin;C:\Program Files\Git\mingw64\bin;C:\Program Files\Git\usr\bin;C:\Users\Odalis Valencia\bin;C:\Program Files\Common Files\Oracle\Java\javapath;C:\Program Files (x86)\Common Files\Oracle\Java\javapath;C:\Python312\Scripts;C:\Python312;C:\WINDOWS\system32;C:\WINDOWS;C:\WINDOWS\System32\Wbem;C:\WINDOWS\System32\WindowsPowerShell\v1.0;C:\WINDOWS\System32\OpenSSH;C:\WINDOWS\system32;C:\WINDOWS;C:\WINDOWS\System32\Wbem;C:\Users\Administrador\nvm;C:\Program Files\nodejs;C:\Users\Administrador\AppData\Local\Microsoft\WindowsApps;C:\Install\py.exe;F:\Program Files\nodejs;C:\ProgramData\chocolatey\bin;C:\Program Files\Git\cmd;C:\Program Files\dotnet;C:\Program Files (x86)\Microsoft SQL Server\160\Tools\Binn;C:\Program Files\Microsoft SQL Server\160\Tools\Binn;C:\Program Files\Microsoft SQL Server\Client SDK\ODBC\170\Tools\Binn;C:\Program Files\Microsoft SQ
USERNAME=Odalis Valencia
SHELL=C:\Program Files\Git\usr\bin\bash.exe
DISPLAY=needs-to-be-defined
LANG=en_US.UTF-8
LC_CTYPE=es_ES.UTF-8
OS=Windows_NT
PROCESSOR_IDENTIFIER=AMD64 Family 23 Model 24 Stepping 1, AuthenticAMD



---------------  S Y S T E M  ---------------

OS:
 Windows 11 , 64 bit Build 22621 (10.0.22621.2506)
OS uptime: 0 days 4:28 hours

CPU: total 8 (initial active 8) (8 cores per cpu, 2 threads per core) family 23 model 24 stepping 1 microcode 0x0, cx8, cmov, fxsr, ht, mmx, 3dnowpref, sse, sse2, sse3, ssse3, sse4a, sse4.1, sse4.2, popcnt, lzcnt, tsc, tscinvbit, avx, avx2, aes, clmul, bmi1, bmi2, adx, sha, fma, vzeroupper, clflush, clflushopt

Memory: 4k page, system-wide physical 6082M (361M free)
TotalPageFile size 24514M (AvailPageFile size 439M)
current process WorkingSet (physical memory assigned to process): 5M, peak: 121M
current process commit charge ("private bytes"): 244M, peak: 258M

vm_info: Java HotSpot(TM) 64-Bit Server VM (17.0.9+11-LTS-201) for windows-amd64 JRE (17.0.9+11-LTS-201), built on Oct 10 2023 23:16:06 by "mach5one" with MS VC++ 17.1 (VS2022)

END.
