#
# There is insufficient memory for the Java Runtime Environment to continue.
# Native memory allocation (malloc) failed to allocate 32744 bytes for ChunkPool::allocate
# Possible reasons:
#   The system is out of physical RAM or swap space
#   The process is running with CompressedOops enabled, and the Java Heap may be blocking the growth of the native heap
# Possible solutions:
#   Reduce memory load on the system
#   Increase physical memory or swap space
#   Check if swap backing store is full
#   Decrease Java heap size (-Xmx/-Xms)
#   Decrease number of Java threads
#   Decrease Java thread stack sizes (-Xss)
#   Set larger code cache with -XX:ReservedCodeCacheSize=
#   JVM is running with Unscaled Compressed Oops mode in which the Java heap is
#     placed in the first 4GB address space. The Java Heap base address is the
#     maximum limit for the native heap growth. Please use -XX:HeapBaseMinAddress
#     to set the Java Heap base and to place the Java Heap above 4GB virtual address.
# This output file may be truncated or incomplete.
#
#  Out of Memory Error (arena.cpp:78), pid=16352, tid=3116
#
# JRE version: Java(TM) SE Runtime Environment (17.0.9+11) (build 17.0.9+11-LTS-201)
# Java VM: Java HotSpot(TM) 64-Bit Server VM (17.0.9+11-LTS-201, mixed mode, sharing, tiered, compressed oops, compressed class ptrs, g1 gc, windows-amd64)
# No core dump will be written. Minidumps are not enabled by default on client versions of Windows
#

---------------  S U M M A R Y ------------

Command Line: -XX:MaxMetaspaceSize=512m --add-opens=java.base/java.util=ALL-UNNAMED --add-opens=java.base/java.lang=ALL-UNNAMED --add-opens=java.base/java.lang.invoke=ALL-UNNAMED --add-opens=java.prefs/java.util.prefs=ALL-UNNAMED --add-opens=java.base/java.nio.charset=ALL-UNNAMED --add-opens=java.base/java.net=ALL-UNNAMED --add-opens=java.base/java.util.concurrent.atomic=ALL-UNNAMED -Xmx2048m -Dfile.encoding=windows-1252 -Duser.country=CO -Duser.language=es -Duser.variant -javaagent:C:\Users\Odalis Valencia\.gradle\wrapper\dists\gradle-8.3-all\6en3ugtfdg5xnpx44z4qbwgas\gradle-8.3\lib\agents\gradle-instrumentation-agent-8.3.jar org.gradle.launcher.daemon.bootstrap.GradleDaemon 8.3

Host: AMD Ryzen 7 3700U with Radeon Vega Mobile Gfx  , 8 cores, 5G, Call to GetFileVersionInfoSize failed
Time: Fri Jan 12 15:39:14 2024 Hora est. Pacífico, Sudamérica elapsed time: 248.388262 seconds (0d 0h 4m 8s)

---------------  T H R E A D  ---------------

Current thread (0x0000020b7ee3be00):  JavaThread "C2 CompilerThread0" daemon [_thread_in_native, id=3116, stack(0x0000001f73400000,0x0000001f73500000)]


Current CompileTask:
C2: 248393 4456       4       javax.management.ObjectName::construct (1135 bytes)

Stack: [0x0000001f73400000,0x0000001f73500000]
Native frames: (J=compiled Java code, j=interpreted, Vv=VM code, C=native code)
V  [jvm.dll+0x678a4a]
V  [jvm.dll+0x7d9cfd]
V  [jvm.dll+0x7db60e]
V  [jvm.dll+0x7dbc73]
V  [jvm.dll+0x245e1f]
V  [jvm.dll+0xaad50]
V  [jvm.dll+0xab09c]
V  [jvm.dll+0xaac14]
V  [jvm.dll+0x2a0d74]
V  [jvm.dll+0x2a0bff]
V  [jvm.dll+0x79d2e0]
V  [jvm.dll+0x61b600]
V  [jvm.dll+0x3483cd]
V  [jvm.dll+0x111671]
V  [jvm.dll+0x63f6ff]
V  [jvm.dll+0x1114ec]
V  [jvm.dll+0x33ca9a]
V  [jvm.dll+0x694796]
V  [jvm.dll+0x693a92]
V  [jvm.dll+0x68ef3b]
V  [jvm.dll+0x689016]
V  [jvm.dll+0x688660]
V  [jvm.dll+0x68656a]
V  [jvm.dll+0x1a6ddc]
V  [jvm.dll+0x217118]
V  [jvm.dll+0x1a3bc0]
V  [jvm.dll+0x2272de]
V  [jvm.dll+0x22548b]
V  [jvm.dll+0x78f58c]
V  [jvm.dll+0x78998a]
V  [jvm.dll+0x677875]
C  [ucrtbase.dll+0x29363]
C  [KERNEL32.DLL+0x1257d]
C  [ntdll.dll+0x5aa58]


---------------  P R O C E S S  ---------------

Threads class SMR info:
_java_thread_list=0x0000020b2013cec0, length=37, elements={
0x0000020b60c72510, 0x0000020b7ee1fa30, 0x0000020b7ee208b0, 0x0000020b7ee34fb0,
0x0000020b7ee39d90, 0x0000020b7ee3a750, 0x0000020b7ee3b110, 0x0000020b7ee3be00,
0x0000020b7ee3e8c0, 0x0000020b7ee412d0, 0x0000020b7ee0ba20, 0x0000020b7f1391e0,
0x0000020b1f8e32b0, 0x0000020b1ff9b080, 0x0000020b1f5aa180, 0x0000020b7fa4aa60,
0x0000020b60c7f640, 0x0000020b7f17d2e0, 0x0000020b1f00f610, 0x0000020b7f602620,
0x0000020b7f603f70, 0x0000020b7f6011e0, 0x0000020b7f602b30, 0x0000020b7f603550,
0x0000020b7f603a60, 0x0000020b7f604990, 0x0000020b7f602110, 0x0000020b205e19b0,
0x0000020b205e4230, 0x0000020b205e7ef0, 0x0000020b205e6fc0, 0x0000020b205e4740,
0x0000020b205e74d0, 0x0000020b205e0f90, 0x0000020b205e3300, 0x0000020b205e1ec0,
0x0000020b205e6090
}

Java Threads: ( => current thread )
  0x0000020b60c72510 JavaThread "main" [_thread_blocked, id=8180, stack(0x0000001f72700000,0x0000001f72800000)]
  0x0000020b7ee1fa30 JavaThread "Reference Handler" daemon [_thread_blocked, id=19028, stack(0x0000001f72e00000,0x0000001f72f00000)]
  0x0000020b7ee208b0 JavaThread "Finalizer" daemon [_thread_blocked, id=8392, stack(0x0000001f72f00000,0x0000001f73000000)]
  0x0000020b7ee34fb0 JavaThread "Signal Dispatcher" daemon [_thread_blocked, id=4260, stack(0x0000001f73000000,0x0000001f73100000)]
  0x0000020b7ee39d90 JavaThread "Attach Listener" daemon [_thread_blocked, id=8220, stack(0x0000001f73100000,0x0000001f73200000)]
  0x0000020b7ee3a750 JavaThread "Service Thread" daemon [_thread_blocked, id=11320, stack(0x0000001f73200000,0x0000001f73300000)]
  0x0000020b7ee3b110 JavaThread "Monitor Deflation Thread" daemon [_thread_blocked, id=13140, stack(0x0000001f73300000,0x0000001f73400000)]
=>0x0000020b7ee3be00 JavaThread "C2 CompilerThread0" daemon [_thread_in_native, id=3116, stack(0x0000001f73400000,0x0000001f73500000)]
  0x0000020b7ee3e8c0 JavaThread "C1 CompilerThread0" daemon [_thread_blocked, id=14064, stack(0x0000001f73500000,0x0000001f73600000)]
  0x0000020b7ee412d0 JavaThread "Sweeper thread" daemon [_thread_blocked, id=13108, stack(0x0000001f73600000,0x0000001f73700000)]
  0x0000020b7ee0ba20 JavaThread "Common-Cleaner" daemon [_thread_blocked, id=14268, stack(0x0000001f73700000,0x0000001f73800000)]
  0x0000020b7f1391e0 JavaThread "Notification Thread" daemon [_thread_blocked, id=12152, stack(0x0000001f73800000,0x0000001f73900000)]
  0x0000020b1f8e32b0 JavaThread "Daemon health stats" [_thread_blocked, id=20448, stack(0x0000001f73e00000,0x0000001f73f00000)]
  0x0000020b1ff9b080 JavaThread "Incoming local TCP Connector on port 62398" [_thread_in_native, id=1708, stack(0x0000001f73f00000,0x0000001f74000000)]
  0x0000020b1f5aa180 JavaThread "Daemon periodic checks" [_thread_blocked, id=17860, stack(0x0000001f74000000,0x0000001f74100000)]
  0x0000020b7fa4aa60 JavaThread "Daemon" [_thread_blocked, id=19760, stack(0x0000001f74200000,0x0000001f74300000)]
  0x0000020b60c7f640 JavaThread "Handler for socket connection from /127.0.0.1:62398 to /127.0.0.1:62417" [_thread_in_native, id=18016, stack(0x0000001f74300000,0x0000001f74400000)]
  0x0000020b7f17d2e0 JavaThread "Cancel handler" [_thread_blocked, id=19896, stack(0x0000001f74400000,0x0000001f74500000)]
  0x0000020b1f00f610 JavaThread "Daemon worker" [_thread_in_native, id=17428, stack(0x0000001f74500000,0x0000001f74600000)]
  0x0000020b7f602620 JavaThread "Asynchronous log dispatcher for DefaultDaemonConnection: socket connection from /127.0.0.1:62398 to /127.0.0.1:62417" [_thread_blocked, id=13868, stack(0x0000001f74600000,0x0000001f74700000)]
  0x0000020b7f603f70 JavaThread "Stdin handler" [_thread_blocked, id=18592, stack(0x0000001f74700000,0x0000001f74800000)]
  0x0000020b7f6011e0 JavaThread "Daemon client event forwarder" [_thread_blocked, id=18688, stack(0x0000001f74800000,0x0000001f74900000)]
  0x0000020b7f602b30 JavaThread "Cache worker for journal cache (C:\Users\Odalis Valencia\.gradle\caches\journal-1)" [_thread_blocked, id=15592, stack(0x0000001f74e00000,0x0000001f74f00000)]
  0x0000020b7f603550 JavaThread "File lock request listener" [_thread_in_native, id=17364, stack(0x0000001f74f00000,0x0000001f75000000)]
  0x0000020b7f603a60 JavaThread "Cache worker for file hash cache (C:\Users\Odalis Valencia\.gradle\caches\8.3\fileHashes)" [_thread_blocked, id=15624, stack(0x0000001f75100000,0x0000001f75200000)]
  0x0000020b7f604990 JavaThread "File watcher server" daemon [_thread_in_native, id=14212, stack(0x0000001f75200000,0x0000001f75300000)]
  0x0000020b7f602110 JavaThread "File watcher consumer" daemon [_thread_blocked, id=18304, stack(0x0000001f75300000,0x0000001f75400000)]
  0x0000020b205e19b0 JavaThread "Cache worker for checksums cache (C:\Users\Odalis Valencia\Documents\proyectos\app\app_client\android\.gradle\8.3\checksums)" [_thread_blocked, id=19792, stack(0x0000001f72500000,0x0000001f72600000)]
  0x0000020b205e4230 JavaThread "Cache worker for file hash cache (C:\Users\Odalis Valencia\Documents\proyectos\app\app_client\android\.gradle\8.3\fileHashes)" [_thread_blocked, id=19800, stack(0x0000001f72600000,0x0000001f72700000)]
  0x0000020b205e7ef0 JavaThread "Cache worker for cache directory md-supplier (C:\Users\Odalis Valencia\.gradle\caches\8.3\md-supplier)" [_thread_blocked, id=20012, stack(0x0000001f74100000,0x0000001f74200000)]
  0x0000020b205e6fc0 JavaThread "Cache worker for file content cache (C:\Users\Odalis Valencia\.gradle\caches\8.3\fileContent)" [_thread_blocked, id=19932, stack(0x0000001f75400000,0x0000001f75500000)]
  0x0000020b205e4740 JavaThread "Cache worker for cache directory md-rule (C:\Users\Odalis Valencia\.gradle\caches\8.3\md-rule)" [_thread_blocked, id=17948, stack(0x0000001f75600000,0x0000001f75700000)]
  0x0000020b205e74d0 JavaThread "Cache worker for execution history cache (C:\Users\Odalis Valencia\.gradle\caches\8.3\executionHistory)" [_thread_blocked, id=19260, stack(0x0000001f75700000,0x0000001f75800000)]
  0x0000020b205e0f90 JavaThread "jar transforms" [_thread_blocked, id=5860, stack(0x0000001f75800000,0x0000001f75900000)]
  0x0000020b205e3300 JavaThread "jar transforms Thread 2" [_thread_blocked, id=20576, stack(0x0000001f75900000,0x0000001f75a00000)]
  0x0000020b205e1ec0 JavaThread "jar transforms Thread 3" [_thread_blocked, id=20752, stack(0x0000001f75a00000,0x0000001f75b00000)]
  0x0000020b205e6090 JavaThread "jar transforms Thread 4" [_thread_blocked, id=20792, stack(0x0000001f75b00000,0x0000001f75c00000)]

Other Threads:
  0x0000020b7ee1c690 VMThread "VM Thread" [stack: 0x0000001f72d00000,0x0000001f72e00000] [id=13264]
  0x0000020b60c73390 WatcherThread [stack: 0x0000001f73900000,0x0000001f73a00000] [id=7476]
  0x0000020b60ccd270 GCTaskThread "GC Thread#0" [stack: 0x0000001f72800000,0x0000001f72900000] [id=14288]
  0x0000020b7f014bd0 GCTaskThread "GC Thread#1" [stack: 0x0000001f73a00000,0x0000001f73b00000] [id=20032]
  0x0000020b1f21fd00 GCTaskThread "GC Thread#2" [stack: 0x0000001f73b00000,0x0000001f73c00000] [id=20072]
  0x0000020b7f345180 GCTaskThread "GC Thread#3" [stack: 0x0000001f73c00000,0x0000001f73d00000] [id=20076]
  0x0000020b7fae3be0 GCTaskThread "GC Thread#4" [stack: 0x0000001f73d00000,0x0000001f73e00000] [id=20168]
  0x0000020b7fa413f0 GCTaskThread "GC Thread#5" [stack: 0x0000001f74b00000,0x0000001f74c00000] [id=16396]
  0x0000020b7f9819b0 GCTaskThread "GC Thread#6" [stack: 0x0000001f74c00000,0x0000001f74d00000] [id=16420]
  0x0000020b7f981c70 GCTaskThread "GC Thread#7" [stack: 0x0000001f74d00000,0x0000001f74e00000] [id=16424]
  0x0000020b60cde1c0 ConcurrentGCThread "G1 Main Marker" [stack: 0x0000001f72900000,0x0000001f72a00000] [id=12404]
  0x0000020b60cdebd0 ConcurrentGCThread "G1 Conc#0" [stack: 0x0000001f72a00000,0x0000001f72b00000] [id=8896]
  0x0000020b7fa9a9e0 ConcurrentGCThread "G1 Conc#1" [stack: 0x0000001f75500000,0x0000001f75600000] [id=15892]
  0x0000020b60d2daf0 ConcurrentGCThread "G1 Refine#0" [stack: 0x0000001f72b00000,0x0000001f72c00000] [id=19160]
  0x0000020b60d2e520 ConcurrentGCThread "G1 Service" [stack: 0x0000001f72c00000,0x0000001f72d00000] [id=11328]

Threads with active compile tasks:
C2 CompilerThread0   249469 4456       4       javax.management.ObjectName::construct (1135 bytes)

VM state: not at safepoint (normal execution)

VM Mutex/Monitor currently owned by a thread: None

Heap address: 0x0000000080000000, size: 2048 MB, Compressed Oops mode: 32-bit

CDS archive(s) mapped at: [0x0000020b00000000-0x0000020b00bd0000-0x0000020b00bd0000), size 12386304, SharedBaseAddress: 0x0000020b00000000, ArchiveRelocationMode: 1.
Compressed class space mapped at: 0x0000020b01000000-0x0000020b1b000000, reserved size: 436207616
Narrow klass base: 0x0000020b00000000, Narrow klass shift: 0, Narrow klass range: 0x100000000

GC Precious Log:
 CPUs: 8 total, 8 available
 Memory: 6082M
 Large Page Support: Disabled
 NUMA Support: Disabled
 Compressed Oops: Enabled (32-bit)
 Heap Region Size: 1M
 Heap Min Capacity: 8M
 Heap Initial Capacity: 96M
 Heap Max Capacity: 2G
 Pre-touch: Disabled
 Parallel Workers: 8
 Concurrent Workers: 2
 Concurrent Refinement Workers: 8
 Periodic GC: Disabled

Heap:
 garbage-first heap   total 86016K, used 45806K [0x0000000080000000, 0x0000000100000000)
  region size 1024K, 17 young (17408K), 1 survivors (1024K)
 Metaspace       used 33429K, committed 33856K, reserved 491520K
  class space    used 4593K, committed 4800K, reserved 425984K

Heap Regions: E=young(eden), S=young(survivor), O=old, HS=humongous(starts), HC=humongous(continues), CS=collection set, F=free, OA=open archive, CA=closed archive, TAMS=top-at-mark-start (previous, next)
|   0|0x0000000080000000, 0x0000000080100000, 0x0000000080100000|100%|HS|  |TAMS 0x0000000080100000, 0x0000000080000000| Complete 
|   1|0x0000000080100000, 0x0000000080200000, 0x0000000080200000|100%|HC|  |TAMS 0x0000000080200000, 0x0000000080100000| Complete 
|   2|0x0000000080200000, 0x0000000080300000, 0x0000000080300000|100%|HC|  |TAMS 0x0000000080300000, 0x0000000080200000| Complete 
|   3|0x0000000080300000, 0x0000000080400000, 0x0000000080400000|100%|HC|  |TAMS 0x0000000080400000, 0x0000000080300000| Complete 
|   4|0x0000000080400000, 0x0000000080500000, 0x0000000080500000|100%| O|  |TAMS 0x0000000080500000, 0x0000000080400000| Untracked 
|   5|0x0000000080500000, 0x0000000080600000, 0x0000000080600000|100%| O|  |TAMS 0x0000000080600000, 0x0000000080500000| Untracked 
|   6|0x0000000080600000, 0x0000000080700000, 0x0000000080700000|100%| O|  |TAMS 0x0000000080700000, 0x0000000080600000| Untracked 
|   7|0x0000000080700000, 0x0000000080800000, 0x0000000080800000|100%| O|  |TAMS 0x0000000080800000, 0x0000000080700000| Untracked 
|   8|0x0000000080800000, 0x0000000080900000, 0x0000000080900000|100%| O|  |TAMS 0x0000000080900000, 0x0000000080800000| Untracked 
|   9|0x0000000080900000, 0x0000000080a00000, 0x0000000080a00000|100%| O|  |TAMS 0x0000000080a00000, 0x0000000080900000| Untracked 
|  10|0x0000000080a00000, 0x0000000080b00000, 0x0000000080b00000|100%| O|  |TAMS 0x0000000080b00000, 0x0000000080a00000| Untracked 
|  11|0x0000000080b00000, 0x0000000080c00000, 0x0000000080c00000|100%| O|  |TAMS 0x0000000080c00000, 0x0000000080b00000| Untracked 
|  12|0x0000000080c00000, 0x0000000080d00000, 0x0000000080d00000|100%| O|  |TAMS 0x0000000080d00000, 0x0000000080c00000| Untracked 
|  13|0x0000000080d00000, 0x0000000080e00000, 0x0000000080e00000|100%| O|  |TAMS 0x0000000080e00000, 0x0000000080d00000| Untracked 
|  14|0x0000000080e00000, 0x0000000080f00000, 0x0000000080f00000|100%| O|  |TAMS 0x0000000080f00000, 0x0000000080e00000| Untracked 
|  15|0x0000000080f00000, 0x0000000081000000, 0x0000000081000000|100%| O|  |TAMS 0x0000000081000000, 0x0000000080f00000| Untracked 
|  16|0x0000000081000000, 0x0000000081100000, 0x0000000081100000|100%| O|  |TAMS 0x0000000081100000, 0x0000000081000000| Untracked 
|  17|0x0000000081100000, 0x0000000081200000, 0x0000000081200000|100%| O|  |TAMS 0x0000000081200000, 0x0000000081100000| Untracked 
|  18|0x0000000081200000, 0x0000000081300000, 0x0000000081300000|100%| O|  |TAMS 0x0000000081300000, 0x0000000081200000| Untracked 
|  19|0x0000000081300000, 0x0000000081345000, 0x0000000081400000| 26%| O|  |TAMS 0x0000000081345000, 0x0000000081300000| Untracked 
|  20|0x0000000081400000, 0x0000000081500000, 0x0000000081500000|100%| O|  |TAMS 0x0000000081400000, 0x0000000081400000| Untracked 
|  21|0x0000000081500000, 0x0000000081600000, 0x0000000081600000|100%| O|  |TAMS 0x0000000081500000, 0x0000000081500000| Untracked 
|  22|0x0000000081600000, 0x0000000081700000, 0x0000000081700000|100%| O|  |TAMS 0x0000000081600000, 0x0000000081600000| Untracked 
|  23|0x0000000081700000, 0x0000000081790400, 0x0000000081800000| 56%| O|  |TAMS 0x0000000081700000, 0x0000000081700000| Untracked 
|  24|0x0000000081800000, 0x0000000081800000, 0x0000000081900000|  0%| F|  |TAMS 0x0000000081800000, 0x0000000081800000| Untracked 
|  25|0x0000000081900000, 0x0000000081900000, 0x0000000081a00000|  0%| F|  |TAMS 0x0000000081900000, 0x0000000081900000| Untracked 
|  26|0x0000000081a00000, 0x0000000081b00000, 0x0000000081b00000|100%| O|  |TAMS 0x0000000081a00000, 0x0000000081a00000| Untracked 
|  27|0x0000000081b00000, 0x0000000081b00000, 0x0000000081c00000|  0%| F|  |TAMS 0x0000000081b00000, 0x0000000081b00000| Untracked 
|  28|0x0000000081c00000, 0x0000000081c00000, 0x0000000081d00000|  0%| F|  |TAMS 0x0000000081c00000, 0x0000000081c00000| Untracked 
|  29|0x0000000081d00000, 0x0000000081d00000, 0x0000000081e00000|  0%| F|  |TAMS 0x0000000081d00000, 0x0000000081d00000| Untracked 
|  30|0x0000000081e00000, 0x0000000081e00000, 0x0000000081f00000|  0%| F|  |TAMS 0x0000000081e00000, 0x0000000081e00000| Untracked 
|  31|0x0000000081f00000, 0x0000000081f00000, 0x0000000082000000|  0%| F|  |TAMS 0x0000000081f00000, 0x0000000081f00000| Untracked 
|  32|0x0000000082000000, 0x0000000082000000, 0x0000000082100000|  0%| F|  |TAMS 0x0000000082000000, 0x0000000082000000| Untracked 
|  33|0x0000000082100000, 0x0000000082100000, 0x0000000082200000|  0%| F|  |TAMS 0x0000000082100000, 0x0000000082100000| Untracked 
|  34|0x0000000082200000, 0x0000000082300000, 0x0000000082300000|100%| O|  |TAMS 0x0000000082200000, 0x0000000082200000| Untracked 
|  35|0x0000000082300000, 0x0000000082400000, 0x0000000082400000|100%| O|  |TAMS 0x0000000082300000, 0x0000000082300000| Untracked 
|  36|0x0000000082400000, 0x0000000082500000, 0x0000000082500000|100%| O|  |TAMS 0x0000000082400000, 0x0000000082400000| Untracked 
|  37|0x0000000082500000, 0x0000000082600000, 0x0000000082600000|100%| O|  |TAMS 0x0000000082500000, 0x0000000082500000| Untracked 
|  38|0x0000000082600000, 0x0000000082700000, 0x0000000082700000|100%| O|  |TAMS 0x0000000082600000, 0x0000000082600000| Untracked 
|  39|0x0000000082700000, 0x0000000082700000, 0x0000000082800000|  0%| F|  |TAMS 0x0000000082700000, 0x0000000082700000| Untracked 
|  40|0x0000000082800000, 0x0000000082800000, 0x0000000082900000|  0%| F|  |TAMS 0x0000000082800000, 0x0000000082800000| Untracked 
|  41|0x0000000082900000, 0x0000000082900000, 0x0000000082a00000|  0%| F|  |TAMS 0x0000000082900000, 0x0000000082900000| Untracked 
|  42|0x0000000082a00000, 0x0000000082a00000, 0x0000000082b00000|  0%| F|  |TAMS 0x0000000082a00000, 0x0000000082a00000| Untracked 
|  43|0x0000000082b00000, 0x0000000082b00000, 0x0000000082c00000|  0%| F|  |TAMS 0x0000000082b00000, 0x0000000082b00000| Untracked 
|  44|0x0000000082c00000, 0x0000000082c00000, 0x0000000082d00000|  0%| F|  |TAMS 0x0000000082c00000, 0x0000000082c00000| Untracked 
|  45|0x0000000082d00000, 0x0000000082d00000, 0x0000000082e00000|  0%| F|  |TAMS 0x0000000082d00000, 0x0000000082d00000| Untracked 
|  46|0x0000000082e00000, 0x0000000082e00000, 0x0000000082f00000|  0%| F|  |TAMS 0x0000000082e00000, 0x0000000082e00000| Untracked 
|  47|0x0000000082f00000, 0x0000000082f00000, 0x0000000083000000|  0%| F|  |TAMS 0x0000000082f00000, 0x0000000082f00000| Untracked 
|  48|0x0000000083000000, 0x0000000083000000, 0x0000000083100000|  0%| F|  |TAMS 0x0000000083000000, 0x0000000083000000| Untracked 
|  49|0x0000000083100000, 0x0000000083100000, 0x0000000083200000|  0%| F|  |TAMS 0x0000000083100000, 0x0000000083100000| Untracked 
|  50|0x0000000083200000, 0x0000000083200000, 0x0000000083300000|  0%| F|  |TAMS 0x0000000083200000, 0x0000000083200000| Untracked 
|  51|0x0000000083300000, 0x0000000083300000, 0x0000000083400000|  0%| F|  |TAMS 0x0000000083300000, 0x0000000083300000| Untracked 
|  52|0x0000000083400000, 0x0000000083400000, 0x0000000083500000|  0%| F|  |TAMS 0x0000000083400000, 0x0000000083400000| Untracked 
|  53|0x0000000083500000, 0x0000000083500000, 0x0000000083600000|  0%| F|  |TAMS 0x0000000083500000, 0x0000000083500000| Untracked 
|  54|0x0000000083600000, 0x0000000083600000, 0x0000000083700000|  0%| F|  |TAMS 0x0000000083600000, 0x0000000083600000| Untracked 
|  55|0x0000000083700000, 0x0000000083700000, 0x0000000083800000|  0%| F|  |TAMS 0x0000000083700000, 0x0000000083700000| Untracked 
|  56|0x0000000083800000, 0x0000000083800000, 0x0000000083900000|  0%| F|  |TAMS 0x0000000083800000, 0x0000000083800000| Untracked 
|  57|0x0000000083900000, 0x0000000083900000, 0x0000000083a00000|  0%| F|  |TAMS 0x0000000083900000, 0x0000000083900000| Untracked 
|  58|0x0000000083a00000, 0x0000000083a00000, 0x0000000083b00000|  0%| F|  |TAMS 0x0000000083a00000, 0x0000000083a00000| Untracked 
|  59|0x0000000083b00000, 0x0000000083b00000, 0x0000000083c00000|  0%| F|  |TAMS 0x0000000083b00000, 0x0000000083b00000| Untracked 
|  60|0x0000000083c00000, 0x0000000083c00000, 0x0000000083d00000|  0%| F|  |TAMS 0x0000000083c00000, 0x0000000083c00000| Untracked 
|  61|0x0000000083d00000, 0x0000000083d00000, 0x0000000083e00000|  0%| F|  |TAMS 0x0000000083d00000, 0x0000000083d00000| Untracked 
|  62|0x0000000083e00000, 0x0000000083e00000, 0x0000000083f00000|  0%| F|  |TAMS 0x0000000083e00000, 0x0000000083e00000| Untracked 
|  63|0x0000000083f00000, 0x0000000083f00000, 0x0000000084000000|  0%| F|  |TAMS 0x0000000083f00000, 0x0000000083f00000| Untracked 
|  64|0x0000000084000000, 0x0000000084000000, 0x0000000084100000|  0%| F|  |TAMS 0x0000000084000000, 0x0000000084000000| Untracked 
|  65|0x0000000084100000, 0x0000000084100000, 0x0000000084200000|  0%| F|  |TAMS 0x0000000084100000, 0x0000000084100000| Untracked 
|  66|0x0000000084200000, 0x0000000084200000, 0x0000000084300000|  0%| F|  |TAMS 0x0000000084200000, 0x0000000084200000| Untracked 
|  67|0x0000000084300000, 0x000000008438eb48, 0x0000000084400000| 55%| E|  |TAMS 0x0000000084300000, 0x0000000084300000| Complete 
|  68|0x0000000084400000, 0x0000000084500000, 0x0000000084500000|100%| E|CS|TAMS 0x0000000084400000, 0x0000000084400000| Complete 
|  69|0x0000000084500000, 0x0000000084600000, 0x0000000084600000|100%| E|CS|TAMS 0x0000000084500000, 0x0000000084500000| Complete 
|  70|0x0000000084600000, 0x0000000084700000, 0x0000000084700000|100%| E|CS|TAMS 0x0000000084600000, 0x0000000084600000| Complete 
|  71|0x0000000084700000, 0x0000000084800000, 0x0000000084800000|100%| E|CS|TAMS 0x0000000084700000, 0x0000000084700000| Complete 
|  72|0x0000000084800000, 0x0000000084900000, 0x0000000084900000|100%| E|CS|TAMS 0x0000000084800000, 0x0000000084800000| Complete 
|  73|0x0000000084900000, 0x0000000084a00000, 0x0000000084a00000|100%| E|CS|TAMS 0x0000000084900000, 0x0000000084900000| Complete 
|  74|0x0000000084a00000, 0x0000000084b00000, 0x0000000084b00000|100%| E|CS|TAMS 0x0000000084a00000, 0x0000000084a00000| Complete 
|  75|0x0000000084b00000, 0x0000000084be6400, 0x0000000084c00000| 89%| S|CS|TAMS 0x0000000084b00000, 0x0000000084b00000| Complete 
|  76|0x0000000084c00000, 0x0000000084d00000, 0x0000000084d00000|100%| E|CS|TAMS 0x0000000084c00000, 0x0000000084c00000| Complete 
|  77|0x0000000084d00000, 0x0000000084e00000, 0x0000000084e00000|100%| E|CS|TAMS 0x0000000084d00000, 0x0000000084d00000| Complete 
|  78|0x0000000084e00000, 0x0000000084f00000, 0x0000000084f00000|100%| E|CS|TAMS 0x0000000084e00000, 0x0000000084e00000| Complete 
|  79|0x0000000084f00000, 0x0000000085000000, 0x0000000085000000|100%| E|CS|TAMS 0x0000000084f00000, 0x0000000084f00000| Complete 
|  80|0x0000000085000000, 0x0000000085100000, 0x0000000085100000|100%| E|CS|TAMS 0x0000000085000000, 0x0000000085000000| Complete 
|  81|0x0000000085100000, 0x0000000085200000, 0x0000000085200000|100%| E|CS|TAMS 0x0000000085100000, 0x0000000085100000| Complete 
|  82|0x0000000085200000, 0x0000000085300000, 0x0000000085300000|100%| E|CS|TAMS 0x0000000085200000, 0x0000000085200000| Complete 
|  95|0x0000000085f00000, 0x0000000086000000, 0x0000000086000000|100%| E|CS|TAMS 0x0000000085f00000, 0x0000000085f00000| Complete 

Card table byte_map: [0x0000020b77c30000,0x0000020b78030000] _byte_map_base: 0x0000020b77830000

Marking Bits (Prev, Next): (CMBitMap*) 0x0000020b60ccd8d0, (CMBitMap*) 0x0000020b60ccd890
 Prev Bits: [0x0000020b7a430000, 0x0000020b7c430000)
 Next Bits: [0x0000020b78430000, 0x0000020b7a430000)

Polling page: 0x0000020b60430000

Metaspace:

Usage:
  Non-class:     28.16 MB used.
      Class:      4.49 MB used.
       Both:     32.65 MB used.

Virtual space:
  Non-class space:       64.00 MB reserved,      28.38 MB ( 44%) committed,  1 nodes.
      Class space:      416.00 MB reserved,       4.69 MB (  1%) committed,  1 nodes.
             Both:      480.00 MB reserved,      33.06 MB (  7%) committed. 

Chunk freelists:
   Non-Class:  3.38 MB
       Class:  11.23 MB
        Both:  14.61 MB

MaxMetaspaceSize: 512.00 MB
CompressedClassSpaceSize: 416.00 MB
Initial GC threshold: 21.00 MB
Current GC threshold: 35.25 MB
CDS: on
MetaspaceReclaimPolicy: balanced
 - commit_granule_bytes: 65536.
 - commit_granule_words: 8192.
 - virtual_space_node_default_size: 8388608.
 - enlarge_chunks_in_place: 1.
 - new_chunks_are_fully_committed: 0.
 - uncommit_free_chunks: 1.
 - use_allocation_guard: 0.
 - handle_deallocations: 1.


Internal statistics:

num_allocs_failed_limit: 3.
num_arena_births: 336.
num_arena_deaths: 0.
num_vsnodes_births: 2.
num_vsnodes_deaths: 0.
num_space_committed: 529.
num_space_uncommitted: 0.
num_chunks_returned_to_freelist: 3.
num_chunks_taken_from_freelist: 1489.
num_chunk_merges: 3.
num_chunk_splits: 1014.
num_chunks_enlarged: 749.
num_inconsistent_stats: 0.

CodeHeap 'non-profiled nmethods': size=120000Kb used=2825Kb max_used=2825Kb free=117174Kb
 bounds [0x0000020b6ffd0000, 0x0000020b702a0000, 0x0000020b77500000]
CodeHeap 'profiled nmethods': size=120000Kb used=9154Kb max_used=9154Kb free=110845Kb
 bounds [0x0000020b68500000, 0x0000020b68e00000, 0x0000020b6fa30000]
CodeHeap 'non-nmethods': size=5760Kb used=2288Kb max_used=2330Kb free=3471Kb
 bounds [0x0000020b6fa30000, 0x0000020b6fca0000, 0x0000020b6ffd0000]
 total_blobs=5234 nmethods=4439 adapters=707
 compilation: enabled
              stopped_count=0, restarted_count=0
 full_count=0

Compilation events (20 events):
Event: 237.701 Thread 0x0000020b7ee3e8c0 nmethod 4447 0x0000020b68ded710 code [0x0000020b68ded8a0, 0x0000020b68deda18]
Event: 239.651 Thread 0x0000020b7ee3e8c0 4448       3       java.util.concurrent.ThreadPoolExecutor$Worker::lock (6 bytes)
Event: 239.687 Thread 0x0000020b7ee3e8c0 nmethod 4448 0x0000020b68deda90 code [0x0000020b68dedc20, 0x0000020b68dedd68]
Event: 239.687 Thread 0x0000020b7ee3e8c0 4449       3       java.util.concurrent.ThreadPoolExecutor$Worker::tryAcquire (20 bytes)
Event: 239.692 Thread 0x0000020b7ee3e8c0 nmethod 4449 0x0000020b68dede10 code [0x0000020b68dedfc0, 0x0000020b68dee208]
Event: 239.692 Thread 0x0000020b7ee3e8c0 4450       3       java.util.concurrent.ThreadPoolExecutor::beforeExecute (1 bytes)
Event: 239.693 Thread 0x0000020b7ee3e8c0 nmethod 4450 0x0000020b68dee290 code [0x0000020b68dee420, 0x0000020b68dee538]
Event: 239.698 Thread 0x0000020b7ee3e8c0 4451   !   3       org.gradle.internal.concurrent.AbstractManagedExecutor$1::run (57 bytes)
Event: 239.719 Thread 0x0000020b7ee3e8c0 nmethod 4451 0x0000020b68dee610 code [0x0000020b68dee800, 0x0000020b68deecb8]
Event: 239.730 Thread 0x0000020b7ee3e8c0 4452       3       org.gradle.launcher.daemon.registry.PersistentDaemonRegistry$1::isSatisfiedBy (9 bytes)
Event: 239.733 Thread 0x0000020b7ee3e8c0 nmethod 4452 0x0000020b68deef90 code [0x0000020b68def140, 0x0000020b68def458]
Event: 239.733 Thread 0x0000020b7ee3e8c0 4453       3       org.gradle.launcher.daemon.registry.PersistentDaemonRegistry$1::isSatisfiedBy (16 bytes)
Event: 239.733 Thread 0x0000020b7ee3e8c0 nmethod 4453 0x0000020b68def590 code [0x0000020b68def720, 0x0000020b68def8b8]
Event: 239.766 Thread 0x0000020b7ee3e8c0 4454       3       org.gradle.launcher.daemon.registry.DaemonInfo::<init> (39 bytes)
Event: 239.770 Thread 0x0000020b7ee3e8c0 nmethod 4454 0x0000020b68def990 code [0x0000020b68defb40, 0x0000020b68defef8]
Event: 240.688 Thread 0x0000020b7ee3e8c0 4455       3       java.util.concurrent.locks.AbstractQueuedSynchronizer::acquire (20 bytes)
Event: 240.693 Thread 0x0000020b7ee3e8c0 nmethod 4455 0x0000020b68df0010 code [0x0000020b68df01c0, 0x0000020b68df0438]
Event: 246.909 Thread 0x0000020b7ee3be00 4456       4       javax.management.ObjectName::construct (1135 bytes)
Event: 247.694 Thread 0x0000020b7ee3e8c0 4457       3       java.util.stream.FindOps$FindSink::accept (18 bytes)
Event: 247.695 Thread 0x0000020b7ee3e8c0 nmethod 4457 0x0000020b68df0510 code [0x0000020b68df06a0, 0x0000020b68df0838]

GC Heap History (20 events):
Event: 22.328 GC heap before
{Heap before GC invocations=0 (full 0):
 garbage-first heap   total 98304K, used 26624K [0x0000000080000000, 0x0000000100000000)
  region size 1024K, 23 young (23552K), 0 survivors (0K)
 Metaspace       used 3040K, committed 3200K, reserved 491520K
  class space    used 385K, committed 448K, reserved 425984K
}
Event: 23.023 GC heap after
{Heap after GC invocations=1 (full 0):
 garbage-first heap   total 98304K, used 10560K [0x0000000080000000, 0x0000000100000000)
  region size 1024K, 3 young (3072K), 3 survivors (3072K)
 Metaspace       used 3040K, committed 3200K, reserved 491520K
  class space    used 385K, committed 448K, reserved 425984K
}
Event: 27.000 GC heap before
{Heap before GC invocations=1 (full 0):
 garbage-first heap   total 98304K, used 15680K [0x0000000080000000, 0x0000000100000000)
  region size 1024K, 8 young (8192K), 3 survivors (3072K)
 Metaspace       used 3560K, committed 3712K, reserved 491520K
  class space    used 441K, committed 512K, reserved 425984K
}
Event: 27.028 GC heap after
{Heap after GC invocations=2 (full 0):
 garbage-first heap   total 98304K, used 11127K [0x0000000080000000, 0x0000000100000000)
  region size 1024K, 1 young (1024K), 1 survivors (1024K)
 Metaspace       used 3560K, committed 3712K, reserved 491520K
  class space    used 441K, committed 512K, reserved 425984K
}
Event: 30.624 GC heap before
{Heap before GC invocations=2 (full 0):
 garbage-first heap   total 98304K, used 20343K [0x0000000080000000, 0x0000000100000000)
  region size 1024K, 11 young (11264K), 1 survivors (1024K)
 Metaspace       used 4012K, committed 4160K, reserved 491520K
  class space    used 490K, committed 576K, reserved 425984K
}
Event: 30.656 GC heap after
{Heap after GC invocations=3 (full 0):
 garbage-first heap   total 98304K, used 11347K [0x0000000080000000, 0x0000000100000000)
  region size 1024K, 1 young (1024K), 1 survivors (1024K)
 Metaspace       used 4012K, committed 4160K, reserved 491520K
  class space    used 490K, committed 576K, reserved 425984K
}
Event: 40.154 GC heap before
{Heap before GC invocations=3 (full 0):
 garbage-first heap   total 98304K, used 35923K [0x0000000080000000, 0x0000000100000000)
  region size 1024K, 25 young (25600K), 1 survivors (1024K)
 Metaspace       used 4174K, committed 4416K, reserved 491520K
  class space    used 514K, committed 640K, reserved 425984K
}
Event: 40.167 GC heap after
{Heap after GC invocations=4 (full 0):
 garbage-first heap   total 98304K, used 15906K [0x0000000080000000, 0x0000000100000000)
  region size 1024K, 4 young (4096K), 4 survivors (4096K)
 Metaspace       used 4174K, committed 4416K, reserved 491520K
  class space    used 514K, committed 640K, reserved 425984K
}
Event: 75.047 GC heap before
{Heap before GC invocations=4 (full 0):
 garbage-first heap   total 98304K, used 58914K [0x0000000080000000, 0x0000000100000000)
  region size 1024K, 46 young (47104K), 4 survivors (4096K)
 Metaspace       used 13136K, committed 13376K, reserved 491520K
  class space    used 1825K, committed 1920K, reserved 425984K
}
Event: 75.076 GC heap after
{Heap after GC invocations=5 (full 0):
 garbage-first heap   total 98304K, used 19810K [0x0000000080000000, 0x0000000100000000)
  region size 1024K, 5 young (5120K), 5 survivors (5120K)
 Metaspace       used 13136K, committed 13376K, reserved 491520K
  class space    used 1825K, committed 1920K, reserved 425984K
}
Event: 109.731 GC heap before
{Heap before GC invocations=5 (full 0):
 garbage-first heap   total 98304K, used 55650K [0x0000000080000000, 0x0000000100000000)
  region size 1024K, 40 young (40960K), 5 survivors (5120K)
 Metaspace       used 17845K, committed 18176K, reserved 491520K
  class space    used 2576K, committed 2752K, reserved 425984K
}
Event: 109.835 GC heap after
{Heap after GC invocations=6 (full 0):
 garbage-first heap   total 98304K, used 21933K [0x0000000080000000, 0x0000000100000000)
  region size 1024K, 3 young (3072K), 3 survivors (3072K)
 Metaspace       used 17845K, committed 18176K, reserved 491520K
  class space    used 2576K, committed 2752K, reserved 425984K
}
Event: 124.116 GC heap before
{Heap before GC invocations=6 (full 0):
 garbage-first heap   total 98304K, used 48557K [0x0000000080000000, 0x0000000100000000)
  region size 1024K, 30 young (30720K), 3 survivors (3072K)
 Metaspace       used 21243K, committed 21504K, reserved 491520K
  class space    used 3119K, committed 3264K, reserved 425984K
}
Event: 124.133 GC heap after
{Heap after GC invocations=7 (full 0):
 garbage-first heap   total 98304K, used 23206K [0x0000000080000000, 0x0000000100000000)
  region size 1024K, 4 young (4096K), 4 survivors (4096K)
 Metaspace       used 21243K, committed 21504K, reserved 491520K
  class space    used 3119K, committed 3264K, reserved 425984K
}
Event: 138.602 GC heap before
{Heap before GC invocations=8 (full 0):
 garbage-first heap   total 86016K, used 69286K [0x0000000080000000, 0x0000000100000000)
  region size 1024K, 50 young (51200K), 4 survivors (4096K)
 Metaspace       used 29732K, committed 30080K, reserved 491520K
  class space    used 4153K, committed 4288K, reserved 425984K
}
Event: 138.623 GC heap after
{Heap after GC invocations=9 (full 0):
 garbage-first heap   total 86016K, used 27372K [0x0000000080000000, 0x0000000100000000)
  region size 1024K, 7 young (7168K), 7 survivors (7168K)
 Metaspace       used 29732K, committed 30080K, reserved 491520K
  class space    used 4153K, committed 4288K, reserved 425984K
}
Event: 178.901 GC heap before
{Heap before GC invocations=9 (full 0):
 garbage-first heap   total 86016K, used 68332K [0x0000000080000000, 0x0000000100000000)
  region size 1024K, 42 young (43008K), 7 survivors (7168K)
 Metaspace       used 32493K, committed 32896K, reserved 491520K
  class space    used 4450K, committed 4672K, reserved 425984K
}
Event: 179.745 GC heap after
{Heap after GC invocations=10 (full 0):
 garbage-first heap   total 86016K, used 29545K [0x0000000080000000, 0x0000000100000000)
  region size 1024K, 3 young (3072K), 3 survivors (3072K)
 Metaspace       used 32493K, committed 32896K, reserved 491520K
  class space    used 4450K, committed 4672K, reserved 425984K
}
Event: 182.126 GC heap before
{Heap before GC invocations=10 (full 0):
 garbage-first heap   total 86016K, used 37737K [0x0000000080000000, 0x0000000100000000)
  region size 1024K, 11 young (11264K), 3 survivors (3072K)
 Metaspace       used 32898K, committed 33280K, reserved 491520K
  class space    used 4515K, committed 4736K, reserved 425984K
}
Event: 182.132 GC heap after
{Heap after GC invocations=11 (full 0):
 garbage-first heap   total 86016K, used 30446K [0x0000000080000000, 0x0000000100000000)
  region size 1024K, 1 young (1024K), 1 survivors (1024K)
 Metaspace       used 32898K, committed 33280K, reserved 491520K
  class space    used 4515K, committed 4736K, reserved 425984K
}

Deoptimization events (20 events):
Event: 183.878 Thread 0x0000020b1f00f610 DEOPT PACKING pc=0x0000020b7021f594 sp=0x0000001f745f7e70
Event: 183.878 Thread 0x0000020b1f00f610 DEOPT UNPACKING pc=0x0000020b6fa823a3 sp=0x0000001f745f7da8 mode 2
Event: 220.862 Thread 0x0000020b1f00f610 Uncommon trap: trap_request=0xffffffde fr.pc=0x0000020b7021f594 relative=0x0000000000000834
Event: 220.869 Thread 0x0000020b1f00f610 Uncommon trap: reason=class_check action=maybe_recompile pc=0x0000020b7021f594 method=java.io.BufferedInputStream.read1([BII)I @ 39 c2
Event: 220.872 Thread 0x0000020b1f00f610 DEOPT PACKING pc=0x0000020b7021f594 sp=0x0000001f745f7fc0
Event: 220.881 Thread 0x0000020b1f00f610 DEOPT UNPACKING pc=0x0000020b6fa823a3 sp=0x0000001f745f7ef8 mode 2
Event: 221.227 Thread 0x0000020b1f00f610 Uncommon trap: trap_request=0xffffffde fr.pc=0x0000020b701f47bc relative=0x000000000000045c
Event: 221.227 Thread 0x0000020b1f00f610 Uncommon trap: reason=class_check action=maybe_recompile pc=0x0000020b701f47bc method=java.util.regex.Pattern$Start.match(Ljava/util/regex/Matcher;ILjava/lang/CharSequence;)Z @ 44 c2
Event: 221.227 Thread 0x0000020b1f00f610 DEOPT PACKING pc=0x0000020b701f47bc sp=0x0000001f745f7760
Event: 221.227 Thread 0x0000020b1f00f610 DEOPT UNPACKING pc=0x0000020b6fa823a3 sp=0x0000001f745f7628 mode 2
Event: 221.227 Thread 0x0000020b1f00f610 Uncommon trap: trap_request=0xffffffde fr.pc=0x0000020b701d7208 relative=0x0000000000000428
Event: 221.227 Thread 0x0000020b1f00f610 Uncommon trap: reason=class_check action=maybe_recompile pc=0x0000020b701d7208 method=java.util.regex.Pattern$Start.match(Ljava/util/regex/Matcher;ILjava/lang/CharSequence;)Z @ 44 c2
Event: 221.227 Thread 0x0000020b1f00f610 DEOPT PACKING pc=0x0000020b701d7208 sp=0x0000001f745f76f0
Event: 221.227 Thread 0x0000020b1f00f610 DEOPT UNPACKING pc=0x0000020b6fa823a3 sp=0x0000001f745f7630 mode 2
Event: 222.861 Thread 0x0000020b1f00f610 Uncommon trap: trap_request=0xffffffde fr.pc=0x0000020b7021f594 relative=0x0000000000000834
Event: 222.861 Thread 0x0000020b1f00f610 Uncommon trap: reason=class_check action=maybe_recompile pc=0x0000020b7021f594 method=java.io.BufferedInputStream.read1([BII)I @ 39 c2
Event: 222.861 Thread 0x0000020b1f00f610 DEOPT PACKING pc=0x0000020b7021f594 sp=0x0000001f745f7fc0
Event: 222.861 Thread 0x0000020b1f00f610 DEOPT UNPACKING pc=0x0000020b6fa823a3 sp=0x0000001f745f7ef8 mode 2
Event: 246.947 Thread 0x0000020b1f8e32b0 DEOPT PACKING pc=0x0000020b68897c0e sp=0x0000001f73efe950
Event: 247.100 Thread 0x0000020b1f8e32b0 DEOPT UNPACKING pc=0x0000020b6fa82b43 sp=0x0000001f73efde90 mode 0

Classes unloaded (0 events):
No events

Classes redefined (0 events):
No events

Internal exceptions (20 events):
Event: 183.616 Thread 0x0000020b1f00f610 Exception <a 'java/lang/NoSuchMethodError'{0x0000000084a650b0}: 'void java.lang.invoke.DirectMethodHandle$Holder.invokeStatic(java.lang.Object, long)'> (0x0000000084a650b0) 
thrown [s\open\src\hotspot\share\interpreter\linkResolver.cpp, line 759]
Event: 183.627 Thread 0x0000020b1f00f610 Exception <a 'java/lang/NoSuchMethodError'{0x0000000084a6b6f0}: 'java.lang.Object java.lang.invoke.DirectMethodHandle$Holder.newInvokeSpecial(java.lang.Object, long)'> (0x0000000084a6b6f0) 
thrown [s\open\src\hotspot\share\interpreter\linkResolver.cpp, line 759]
Event: 183.650 Thread 0x0000020b1f00f610 Exception <a 'java/lang/NoSuchMethodError'{0x0000000084a75e30}: 'java.lang.Object java.lang.invoke.DirectMethodHandle$Holder.invokeStatic(java.lang.Object, java.lang.Object, long, java.lang.Object)'> (0x0000000084a75e30) 
thrown [s\open\src\hotspot\share\interpreter\linkResolver.cpp, line 759]
Event: 183.651 Thread 0x0000020b1f00f610 Exception <a 'java/lang/NoSuchMethodError'{0x0000000084a7a5f8}: 'java.lang.Object java.lang.invoke.DirectMethodHandle$Holder.invokeStaticInit(java.lang.Object, java.lang.Object, long, java.lang.Object)'> (0x0000000084a7a5f8) 
thrown [s\open\src\hotspot\share\interpreter\linkResolver.cpp, line 759]
Event: 183.691 Thread 0x0000020b1f00f610 Exception <a 'java/lang/ClassNotFoundException'{0x0000000084a9c2e0}: java/lang/ProcessImplBeanInfo> (0x0000000084a9c2e0) 
thrown [s\open\src\hotspot\share\classfile\systemDictionary.cpp, line 256]
Event: 183.691 Thread 0x0000020b1f00f610 Exception <a 'java/lang/ClassNotFoundException'{0x0000000084aa1c40}: java/lang/ProcessBeanInfo> (0x0000000084aa1c40) 
thrown [s\open\src\hotspot\share\classfile\systemDictionary.cpp, line 256]
Event: 183.691 Thread 0x0000020b1f00f610 Exception <a 'java/lang/ClassNotFoundException'{0x0000000084aa7568}: java/lang/ProcessCustomizer> (0x0000000084aa7568) 
thrown [s\open\src\hotspot\share\classfile\systemDictionary.cpp, line 256]
Event: 183.693 Thread 0x0000020b1f00f610 Exception <a 'java/lang/ClassNotFoundException'{0x0000000084aba260}: java/lang/ProcessImplCustomizer> (0x0000000084aba260) 
thrown [s\open\src\hotspot\share\classfile\systemDictionary.cpp, line 256]
Event: 183.791 Thread 0x0000020b1f00f610 Exception <a 'java/lang/ClassNotFoundException'{0x0000000084906dc0}: java/io/InputStreamReaderBeanInfo> (0x0000000084906dc0) 
thrown [s\open\src\hotspot\share\classfile\systemDictionary.cpp, line 256]
Event: 183.792 Thread 0x0000020b1f00f610 Exception <a 'java/lang/ClassNotFoundException'{0x000000008490c6a8}: java/io/ReaderBeanInfo> (0x000000008490c6a8) 
thrown [s\open\src\hotspot\share\classfile\systemDictionary.cpp, line 256]
Event: 183.792 Thread 0x0000020b1f00f610 Exception <a 'java/lang/ClassNotFoundException'{0x0000000084911fa8}: java/io/ReaderCustomizer> (0x0000000084911fa8) 
thrown [s\open\src\hotspot\share\classfile\systemDictionary.cpp, line 256]
Event: 183.793 Thread 0x0000020b1f00f610 Exception <a 'java/lang/ClassNotFoundException'{0x000000008491d808}: java/io/InputStreamReaderCustomizer> (0x000000008491d808) 
thrown [s\open\src\hotspot\share\classfile\systemDictionary.cpp, line 256]
Event: 183.817 Thread 0x0000020b1f00f610 Exception <a 'java/lang/ClassNotFoundException'{0x000000008493c448}: java/io/BufferedReaderBeanInfo> (0x000000008493c448) 
thrown [s\open\src\hotspot\share\classfile\systemDictionary.cpp, line 256]
Event: 183.817 Thread 0x0000020b1f00f610 Exception <a 'java/lang/ClassNotFoundException'{0x0000000084941d78}: java/io/BufferedReaderCustomizer> (0x0000000084941d78) 
thrown [s\open\src\hotspot\share\classfile\systemDictionary.cpp, line 256]
Event: 183.850 Thread 0x0000020b1f00f610 Exception <a 'java/lang/ClassNotFoundException'{0x00000000848778c8}: java/lang/StringBufferBeanInfo> (0x00000000848778c8) 
thrown [s\open\src\hotspot\share\classfile\systemDictionary.cpp, line 256]
Event: 183.850 Thread 0x0000020b1f00f610 Exception <a 'java/lang/ClassNotFoundException'{0x000000008487d260}: java/lang/AbstractStringBuilderBeanInfo> (0x000000008487d260) 
thrown [s\open\src\hotspot\share\classfile\systemDictionary.cpp, line 256]
Event: 183.851 Thread 0x0000020b1f00f610 Exception <a 'java/lang/ClassNotFoundException'{0x0000000084883020}: java/lang/AbstractStringBuilderCustomizer> (0x0000000084883020) 
thrown [s\open\src\hotspot\share\classfile\systemDictionary.cpp, line 256]
Event: 183.867 Thread 0x0000020b1f00f610 Exception <a 'java/lang/ClassNotFoundException'{0x000000008476dde0}: java/lang/StringBufferCustomizer> (0x000000008476dde0) 
thrown [s\open\src\hotspot\share\classfile\systemDictionary.cpp, line 256]
Event: 221.164 Thread 0x0000020b1f00f610 Exception <a 'java/lang/ClassNotFoundException'{0x000000008448a600}: java/lang/StringBeanInfo> (0x000000008448a600) 
thrown [s\open\src\hotspot\share\classfile\systemDictionary.cpp, line 256]
Event: 221.195 Thread 0x0000020b1f00f610 Exception <a 'java/lang/ClassNotFoundException'{0x000000008448ff28}: java/lang/StringCustomizer> (0x000000008448ff28) 
thrown [s\open\src\hotspot\share\classfile\systemDictionary.cpp, line 256]

VM Operations (20 events):
Event: 183.133 Executing VM operation: Cleanup
Event: 183.133 Executing VM operation: Cleanup done
Event: 184.148 Executing VM operation: Cleanup
Event: 184.148 Executing VM operation: Cleanup done
Event: 185.160 Executing VM operation: Cleanup
Event: 185.161 Executing VM operation: Cleanup done
Event: 200.619 Executing VM operation: Cleanup
Event: 200.689 Executing VM operation: Cleanup done
Event: 204.726 Executing VM operation: Cleanup
Event: 204.927 Executing VM operation: Cleanup done
Event: 210.466 Executing VM operation: Cleanup
Event: 210.727 Executing VM operation: Cleanup done
Event: 220.904 Executing VM operation: Cleanup
Event: 220.923 Executing VM operation: Cleanup done
Event: 221.931 Executing VM operation: Cleanup
Event: 222.136 Executing VM operation: Cleanup done
Event: 222.136 Executing VM operation: HandshakeAllThreads
Event: 222.137 Executing VM operation: HandshakeAllThreads done
Event: 225.165 Executing VM operation: Cleanup
Event: 225.182 Executing VM operation: Cleanup done

Events (20 events):
Event: 183.850 loading class java/lang/AbstractStringBuilderBeanInfo done
Event: 183.850 loading class java/lang/AbstractStringBuilderBeanInfo
Event: 183.850 loading class java/lang/AbstractStringBuilderBeanInfo done
Event: 183.850 loading class java/lang/AbstractStringBuilderCustomizer
Event: 183.851 loading class java/lang/AbstractStringBuilderCustomizer done
Event: 183.851 loading class java/lang/AbstractStringBuilderCustomizer
Event: 183.851 loading class java/lang/AbstractStringBuilderCustomizer done
Event: 183.866 loading class java/lang/StringBufferCustomizer
Event: 183.866 loading class java/lang/StringBufferCustomizer done
Event: 183.866 loading class java/lang/StringBufferCustomizer
Event: 183.866 loading class java/lang/StringBufferCustomizer done
Event: 221.116 loading class java/lang/StringBeanInfo
Event: 221.148 loading class java/lang/StringBeanInfo done
Event: 221.164 loading class java/lang/StringBeanInfo
Event: 221.164 loading class java/lang/StringBeanInfo done
Event: 221.173 loading class java/lang/StringCustomizer
Event: 221.191 loading class java/lang/StringCustomizer done
Event: 221.195 loading class java/lang/StringCustomizer
Event: 221.195 loading class java/lang/StringCustomizer done
Event: 243.440 Thread 0x0000020b7f6016f0 Thread exited: 0x0000020b7f6016f0


Dynamic libraries:
0x00007ff619ef0000 - 0x00007ff619f00000 	C:\Program Files\Java\jdk-17\bin\java.exe
0x00007ffef5030000 - 0x00007ffef5247000 	C:\WINDOWS\SYSTEM32\ntdll.dll
0x00007ffef2d80000 - 0x00007ffef2e44000 	C:\WINDOWS\System32\KERNEL32.DLL
0x00007ffef28b0000 - 0x00007ffef2c56000 	C:\WINDOWS\System32\KERNELBASE.dll
0x00007ffef26f0000 - 0x00007ffef2801000 	C:\WINDOWS\System32\ucrtbase.dll
0x00007ffedc570000 - 0x00007ffedc589000 	C:\Program Files\Java\jdk-17\bin\jli.dll
0x00007ffef3b80000 - 0x00007ffef3c33000 	C:\WINDOWS\System32\ADVAPI32.dll
0x00007ffef4ab0000 - 0x00007ffef4b57000 	C:\WINDOWS\System32\msvcrt.dll
0x00007ffef3000000 - 0x00007ffef30a8000 	C:\WINDOWS\System32\sechost.dll
0x00007ffef25a0000 - 0x00007ffef25c8000 	C:\WINDOWS\System32\bcrypt.dll
0x00007ffef3960000 - 0x00007ffef3a77000 	C:\WINDOWS\System32\RPCRT4.dll
0x00007ffef30b0000 - 0x00007ffef325e000 	C:\WINDOWS\System32\USER32.dll
0x00007ffef2c60000 - 0x00007ffef2c86000 	C:\WINDOWS\System32\win32u.dll
0x00007ffef37d0000 - 0x00007ffef37f9000 	C:\WINDOWS\System32\GDI32.dll
0x00007ffef25d0000 - 0x00007ffef26e8000 	C:\WINDOWS\System32\gdi32full.dll
0x00007ffef2810000 - 0x00007ffef28aa000 	C:\WINDOWS\System32\msvcp_win.dll
0x00007ffedc550000 - 0x00007ffedc56b000 	C:\Program Files\Java\jdk-17\bin\VCRUNTIME140.dll
0x00007ffee2590000 - 0x00007ffee2823000 	C:\WINDOWS\WinSxS\amd64_microsoft.windows.common-controls_6595b64144ccf1df_6.0.22621.2506_none_270c5ae97388e100\COMCTL32.dll
0x00007ffeeced0000 - 0x00007ffeeceda000 	C:\WINDOWS\SYSTEM32\VERSION.dll
0x00007ffef3790000 - 0x00007ffef37c1000 	C:\WINDOWS\System32\IMM32.DLL
0x00007ffedc540000 - 0x00007ffedc54c000 	C:\Program Files\Java\jdk-17\bin\vcruntime140_1.dll
0x00007ffedc4b0000 - 0x00007ffedc53e000 	C:\Program Files\Java\jdk-17\bin\msvcp140.dll
0x00007ffeba580000 - 0x00007ffebb161000 	C:\Program Files\Java\jdk-17\bin\server\jvm.dll
0x00007ffef4dd0000 - 0x00007ffef4dd8000 	C:\WINDOWS\System32\PSAPI.DLL
0x00007ffeb4920000 - 0x00007ffeb4929000 	C:\WINDOWS\SYSTEM32\WSOCK32.dll
0x00007ffef4bd0000 - 0x00007ffef4c41000 	C:\WINDOWS\System32\WS2_32.dll
0x00007ffee1e20000 - 0x00007ffee1e54000 	C:\WINDOWS\SYSTEM32\WINMM.dll
0x00007ffef13a0000 - 0x00007ffef13b8000 	C:\WINDOWS\SYSTEM32\kernel.appcore.dll
0x00007ffedc4a0000 - 0x00007ffedc4aa000 	C:\Program Files\Java\jdk-17\bin\jimage.dll
0x00007ffeec1c0000 - 0x00007ffeec3f3000 	C:\WINDOWS\SYSTEM32\DBGHELP.DLL
0x00007ffef32e0000 - 0x00007ffef3669000 	C:\WINDOWS\System32\combase.dll
0x00007ffef4c50000 - 0x00007ffef4d27000 	C:\WINDOWS\System32\OLEAUT32.dll
0x00007ffeeb3b0000 - 0x00007ffeeb3e2000 	C:\WINDOWS\SYSTEM32\dbgcore.DLL
0x00007ffef2d00000 - 0x00007ffef2d7a000 	C:\WINDOWS\System32\bcryptPrimitives.dll
0x00007ffecb470000 - 0x00007ffecb47e000 	C:\Program Files\Java\jdk-17\bin\instrument.dll
0x00007ffed0020000 - 0x00007ffed0045000 	C:\Program Files\Java\jdk-17\bin\java.dll
0x00007ffeba4a0000 - 0x00007ffeba577000 	C:\Program Files\Java\jdk-17\bin\jsvml.dll
0x00007ffef41c0000 - 0x00007ffef4a1a000 	C:\WINDOWS\System32\SHELL32.dll
0x00007ffef02c0000 - 0x00007ffef0bb6000 	C:\WINDOWS\SYSTEM32\windows.storage.dll
0x00007ffef0180000 - 0x00007ffef02be000 	C:\WINDOWS\SYSTEM32\wintypes.dll
0x00007ffef40c0000 - 0x00007ffef41b3000 	C:\WINDOWS\System32\SHCORE.dll
0x00007ffef3280000 - 0x00007ffef32de000 	C:\WINDOWS\System32\shlwapi.dll
0x00007ffef22a0000 - 0x00007ffef22c6000 	C:\WINDOWS\SYSTEM32\profapi.dll
0x00007ffecfed0000 - 0x00007ffecfee8000 	C:\Program Files\Java\jdk-17\bin\zip.dll
0x00007ffed4880000 - 0x00007ffed4899000 	C:\Program Files\Java\jdk-17\bin\net.dll
0x00007ffeed2d0000 - 0x00007ffeed407000 	C:\WINDOWS\SYSTEM32\WINHTTP.dll
0x00007ffef1820000 - 0x00007ffef1889000 	C:\WINDOWS\system32\mswsock.dll
0x00007ffed0000000 - 0x00007ffed0016000 	C:\Program Files\Java\jdk-17\bin\nio.dll
0x00007ffed2670000 - 0x00007ffed2680000 	C:\Program Files\Java\jdk-17\bin\verify.dll
0x00007ffecbc90000 - 0x00007ffecbcb7000 	C:\Users\Odalis Valencia\.gradle\native\68d5fa5c4cc2d200863cafc0d521ce42e7d3e7ee720ec0a83991735586a16f82\windows-amd64\native-platform.dll
0x00007ffeba350000 - 0x00007ffeba494000 	C:\Users\Odalis Valencia\.gradle\native\e376f236ea51e6404a007f0833ffe2c6e607c4080706a723a18a27aeea778392\windows-amd64\native-platform-file-events.dll
0x00007ffed1060000 - 0x00007ffed106a000 	C:\Program Files\Java\jdk-17\bin\management.dll
0x00007ffed0d70000 - 0x00007ffed0d7b000 	C:\Program Files\Java\jdk-17\bin\management_ext.dll
0x00007ffef1a80000 - 0x00007ffef1a9b000 	C:\WINDOWS\SYSTEM32\CRYPTSP.dll
0x00007ffef1300000 - 0x00007ffef1335000 	C:\WINDOWS\system32\rsaenh.dll
0x00007ffef1910000 - 0x00007ffef193c000 	C:\WINDOWS\SYSTEM32\USERENV.dll
0x00007ffef1a70000 - 0x00007ffef1a7c000 	C:\WINDOWS\SYSTEM32\CRYPTBASE.dll
0x00007ffef0e20000 - 0x00007ffef0e4d000 	C:\WINDOWS\SYSTEM32\IPHLPAPI.DLL
0x00007ffef3950000 - 0x00007ffef3959000 	C:\WINDOWS\System32\NSI.dll
0x00007ffeed630000 - 0x00007ffeed649000 	C:\WINDOWS\SYSTEM32\dhcpcsvc6.DLL
0x00007ffeed020000 - 0x00007ffeed03f000 	C:\WINDOWS\SYSTEM32\dhcpcsvc.DLL
0x00007ffef0e90000 - 0x00007ffef0f89000 	C:\WINDOWS\SYSTEM32\DNSAPI.dll
0x00007ffec7e10000 - 0x00007ffec7e1e000 	C:\Program Files\Java\jdk-17\bin\sunmscapi.dll
0x00007ffef2370000 - 0x00007ffef24d6000 	C:\WINDOWS\System32\CRYPT32.dll
0x00007ffef1c30000 - 0x00007ffef1c5e000 	C:\WINDOWS\SYSTEM32\ncrypt.dll
0x00007ffef1bf0000 - 0x00007ffef1c27000 	C:\WINDOWS\SYSTEM32\NTASN1.dll
0x00007ffed6600000 - 0x00007ffed6608000 	C:\WINDOWS\system32\wshunix.dll

dbghelp: loaded successfully - version: 4.0.5 - missing functions: none
symbol engine: initialized successfully - sym options: 0x614 - pdb path: .;C:\Program Files\Java\jdk-17\bin;C:\WINDOWS\SYSTEM32;C:\WINDOWS\WinSxS\amd64_microsoft.windows.common-controls_6595b64144ccf1df_6.0.22621.2506_none_270c5ae97388e100;C:\Program Files\Java\jdk-17\bin\server;C:\Users\Odalis Valencia\.gradle\native\68d5fa5c4cc2d200863cafc0d521ce42e7d3e7ee720ec0a83991735586a16f82\windows-amd64;C:\Users\Odalis Valencia\.gradle\native\e376f236ea51e6404a007f0833ffe2c6e607c4080706a723a18a27aeea778392\windows-amd64

VM Arguments:
jvm_args: -XX:MaxMetaspaceSize=512m --add-opens=java.base/java.util=ALL-UNNAMED --add-opens=java.base/java.lang=ALL-UNNAMED --add-opens=java.base/java.lang.invoke=ALL-UNNAMED --add-opens=java.prefs/java.util.prefs=ALL-UNNAMED --add-opens=java.base/java.nio.charset=ALL-UNNAMED --add-opens=java.base/java.net=ALL-UNNAMED --add-opens=java.base/java.util.concurrent.atomic=ALL-UNNAMED -Xmx2048m -Dfile.encoding=windows-1252 -Duser.country=CO -Duser.language=es -Duser.variant -javaagent:C:\Users\Odalis Valencia\.gradle\wrapper\dists\gradle-8.3-all\6en3ugtfdg5xnpx44z4qbwgas\gradle-8.3\lib\agents\gradle-instrumentation-agent-8.3.jar 
java_command: org.gradle.launcher.daemon.bootstrap.GradleDaemon 8.3
java_class_path (initial): C:\Users\Odalis Valencia\.gradle\wrapper\dists\gradle-8.3-all\6en3ugtfdg5xnpx44z4qbwgas\gradle-8.3\lib\gradle-launcher-8.3.jar
Launcher Type: SUN_STANDARD

[Global flags]
     intx CICompilerCount                          = 4                                         {product} {ergonomic}
   size_t CompressedClassSpaceSize                 = 436207616                                 {product} {ergonomic}
     uint ConcGCThreads                            = 2                                         {product} {ergonomic}
     uint G1ConcRefinementThreads                  = 8                                         {product} {ergonomic}
   size_t G1HeapRegionSize                         = 1048576                                   {product} {ergonomic}
    uintx GCDrainStackTargetSize                   = 64                                        {product} {ergonomic}
   size_t InitialHeapSize                          = 100663296                                 {product} {ergonomic}
   size_t MarkStackSize                            = 4194304                                   {product} {ergonomic}
   size_t MaxHeapSize                              = 2147483648                                {product} {command line}
   size_t MaxMetaspaceSize                         = 536870912                                 {product} {command line}
   size_t MaxNewSize                               = 1287651328                                {product} {ergonomic}
   size_t MinHeapDeltaBytes                        = 1048576                                   {product} {ergonomic}
   size_t MinHeapSize                              = 8388608                                   {product} {ergonomic}
    uintx NonNMethodCodeHeapSize                   = 5839372                                {pd product} {ergonomic}
    uintx NonProfiledCodeHeapSize                  = 122909434                              {pd product} {ergonomic}
    uintx ProfiledCodeHeapSize                     = 122909434                              {pd product} {ergonomic}
    uintx ReservedCodeCacheSize                    = 251658240                              {pd product} {ergonomic}
     bool SegmentedCodeCache                       = true                                      {product} {ergonomic}
   size_t SoftMaxHeapSize                          = 2147483648                             {manageable} {ergonomic}
     bool UseCompressedClassPointers               = true                           {product lp64_product} {ergonomic}
     bool UseCompressedOops                        = true                           {product lp64_product} {ergonomic}
     bool UseG1GC                                  = true                                      {product} {ergonomic}
     bool UseLargePagesIndividualAllocation        = false                                  {pd product} {ergonomic}

Logging:
Log output configuration:
 #0: stdout all=warning uptime,level,tags
 #1: stderr all=off uptime,level,tags

Environment Variables:
JAVA_HOME=C:\Program Files\Java\jdk-17
CLASSPATH=C:\Users\Odalis Valencia\Documents\proyectos\app\app_client\android\\gradle\wrapper\gradle-wrapper.jar
PATH=C:\Users\Odalis Valencia\Documents\proyectos\app\app_client\node_modules\.bin;C:\Users\Odalis Valencia\Documents\proyectos\app\app_client\node_modules\.bin;C:\Users\Odalis Valencia\Documents\proyectos\app\node_modules\.bin;C:\Users\Odalis Valencia\Documents\proyectos\node_modules\.bin;C:\Users\Odalis Valencia\Documents\node_modules\.bin;C:\Users\Odalis Valencia\node_modules\.bin;C:\Users\node_modules\.bin;C:\node_modules\.bin;C:\Users\Administrador\nvm\v18.18.2\node_modules\npm\node_modules\@npmcli\run-script\lib\node-gyp-bin;C:\Users\Odalis Valencia\Documents\proyectos\app\app_client\node_modules\.bin;C:\Users\Odalis Valencia\Documents\proyectos\app\node_modules\.bin;C:\Users\Odalis Valencia\Documents\proyectos\node_modules\.bin;C:\Users\Odalis Valencia\Documents\node_modules\.bin;C:\Users\Odalis Valencia\node_modules\.bin;C:\Users\node_modules\.bin;C:\node_modules\.bin;C:\Users\Administrador\nvm\v18.18.2\node_modules\npm\node_modules\@npmcli\run-script\lib\node-gyp-bin;C:\Users\Odalis Valencia\bin;C:\Program Files\Git\mingw64\bin;C:\Program Files\Git\usr\local\bin;C:\Program Files\Git\usr\bin;C:\Program Files\Git\usr\bin;C:\Program Files\Git\mingw64\bin;C:\Program Files\Git\usr\bin;C:\Users\Odalis Valencia\bin;C:\Program Files\Common Files\Oracle\Java\javapath;C:\Program Files (x86)\Common Files\Oracle\Java\javapath;C:\Python312\Scripts;C:\Python312;C:\WINDOWS\system32;C:\WINDOWS;C:\WINDOWS\System32\Wbem;C:\WINDOWS\System32\WindowsPowerShell\v1.0;C:\WINDOWS\System32\OpenSSH;C:\WINDOWS\system32;C:\WINDOWS;C:\WINDOWS\System32\Wbem;C:\Users\Administrador\nvm;C:\Program Files\nodejs;C:\Users\Administrador\AppData\Local\Microsoft\WindowsApps;C:\Install\py.exe;F:\Program Files\nodejs;C:\ProgramData\chocolatey\bin;C:\Program Files\Git\cmd;C:\Program Files\dotnet;C:\Program Files (x86)\Microsoft SQL Server\160\Tools\Binn;C:\Program Files\Microsoft SQL Server\160\Tools\Binn;C:\Program Files\Microsoft SQL Server\Client SDK\ODBC\170\Tools\Binn;C:\Program Files\Microsoft SQ
USERNAME=Odalis Valencia
SHELL=C:\Program Files\Git\usr\bin\bash.exe
DISPLAY=needs-to-be-defined
LANG=en_US.UTF-8
LC_CTYPE=es_ES.UTF-8
OS=Windows_NT
PROCESSOR_IDENTIFIER=AMD64 Family 23 Model 24 Stepping 1, AuthenticAMD



---------------  S Y S T E M  ---------------

OS:
 Windows 11 , 64 bit Build 22621 (10.0.22621.2506)
OS uptime: 0 days 4:28 hours

CPU: total 8 (initial active 8) (8 cores per cpu, 2 threads per core) family 23 model 24 stepping 1 microcode 0x0, cx8, cmov, fxsr, ht, mmx, 3dnowpref, sse, sse2, sse3, ssse3, sse4a, sse4.1, sse4.2, popcnt, lzcnt, tsc, tscinvbit, avx, avx2, aes, clmul, bmi1, bmi2, adx, sha, fma, vzeroupper, clflush, clflushopt

Memory: 4k page, system-wide physical 6082M (361M free)
TotalPageFile size 24514M (AvailPageFile size 439M)
current process WorkingSet (physical memory assigned to process): 6M, peak: 91M
current process commit charge ("private bytes"): 241M, peak: 258M

vm_info: Java HotSpot(TM) 64-Bit Server VM (17.0.9+11-LTS-201) for windows-amd64 JRE (17.0.9+11-LTS-201), built on Oct 10 2023 23:16:06 by "mach5one" with MS VC++ 17.1 (VS2022)

END.
